Using pre-set license
Built from '2020.3/release' branch; Version is '2020.3.1f1 (77a89f25062f) revision 7841951'; Using compiler version '192528614'; Build Type 'Release'
OS: 'Windows 10 Home; OS build 19041.1052; Version 2004; 64bit' Language: 'en' Physical Memory: 16249 MB
BatchMode: 1, IsHumanControllingUs: 0, StartBugReporterOnCrash: 0, Is64bit: 1, IsPro: 0

 COMMAND LINE ARGUMENTS:
C:\Program Files\Unity\Hub\Editor\2020.3.1f1\Editor\Unity.exe
-adb2
-batchMode
-noUpm
-name
AssetImportWorker0
-projectPath
D:/WSOA3003A-LindaSumbu_2178172_ExamRepository/2178172-LindaSumbu-ExamGame-TechnicianInc
-logFile
Logs/AssetImportWorker0.log
-srvPort
58818
Successfully changed project path to: D:/WSOA3003A-LindaSumbu_2178172_ExamRepository/2178172-LindaSumbu-ExamGame-TechnicianInc
D:/WSOA3003A-LindaSumbu_2178172_ExamRepository/2178172-LindaSumbu-ExamGame-TechnicianInc
Using Asset Import Pipeline V2.
Refreshing native plugins compatible for Editor in 72.28 ms, found 1 plugins.
Preloading 0 native plugins for Editor in 0.00 ms.
Initialize engine version: 2020.3.1f1 (77a89f25062f)
[Subsystems] Discovering subsystems at path C:/Program Files/Unity/Hub/Editor/2020.3.1f1/Editor/Data/Resources/UnitySubsystems
[Subsystems] Discovering subsystems at path D:/WSOA3003A-LindaSumbu_2178172_ExamRepository/2178172-LindaSumbu-ExamGame-TechnicianInc/Assets
GfxDevice: creating device client; threaded=0
Direct3D:
    Version:  Direct3D 11.0 [level 11.1]
    Renderer: NVIDIA GeForce GTX 1060 with Max-Q Design (ID=0x1c20)
    Vendor:   
    VRAM:     6052 MB
    Driver:   27.21.14.5167
Shader 'Universal Render Pipeline/Particles/Lit': fallback shader 'Universal Render Pipeline/Particles/SimpleLit' not found
Initialize mono
Mono path[0] = 'C:/Program Files/Unity/Hub/Editor/2020.3.1f1/Editor/Data/Managed'
Mono path[1] = 'C:/Program Files/Unity/Hub/Editor/2020.3.1f1/Editor/Data/MonoBleedingEdge/lib/mono/unityjit'
Mono config path = 'C:/Program Files/Unity/Hub/Editor/2020.3.1f1/Editor/Data/MonoBleedingEdge/etc'
Using monoOptions --debugger-agent=transport=dt_socket,embedding=1,server=y,suspend=n,address=127.0.0.1:56760
Begin MonoManager ReloadAssembly
Registering precompiled unity dll's ...
Register platform support module: C:/Program Files/Unity/Hub/Editor/2020.3.1f1/Editor/Data/PlaybackEngines/WindowsStandaloneSupport/UnityEditor.WindowsStandalone.Extensions.dll
Registered in 0.004167 seconds.
Native extension for WindowsStandalone target not found
Refreshing native plugins compatible for Editor in 76.01 ms, found 1 plugins.
Preloading 0 native plugins for Editor in 0.00 ms.
Invoked RoslynAnalysisRunner static constructor.
RoslynAnalysisRunner will not be running.
RoslynAnalysisRunner has terminated.
Mono: successfully reloaded assembly
- Completed reload, in  2.567 seconds
Platform modules already initialized, skipping
Registering precompiled user dll's ...
Registered in 0.001806 seconds.
Begin MonoManager ReloadAssembly
Native extension for WindowsStandalone target not found
Refreshing native plugins compatible for Editor in 66.96 ms, found 1 plugins.
Preloading 0 native plugins for Editor in 0.00 ms.
Invoked RoslynAnalysisRunner static constructor.
RoslynAnalysisRunner will not be running.
RoslynAnalysisRunner has terminated.
Mono: successfully reloaded assembly
- Completed reload, in  1.247 seconds
Platform modules already initialized, skipping
========================================================================
Worker process is ready to serve import requests
Shader 'Universal Render Pipeline/Particles/Lit': fallback shader 'Universal Render Pipeline/Particles/SimpleLit' not found
Launched and connected shader compiler UnityShaderCompiler.exe after 0.06 seconds
Refreshing native plugins compatible for Editor in 0.58 ms, found 1 plugins.
Preloading 0 native plugins for Editor in 0.00 ms.
Unloading 3030 Unused Serialized files (Serialized files now loaded: 0)
System memory in use before: 146.2 MB.
System memory in use after: 146.3 MB.

Unloading 25 unused Assets to reduce memory usage. Loaded Objects now: 3493.
Total: 2.728900 ms (FindLiveObjects: 0.324500 ms CreateObjectMapping: 0.116300 ms MarkObjects: 2.048600 ms  DeleteObjects: 0.237700 ms)

========================================================================
Received Import Request.
  path: Assets/UI Assets/ButtonUI.png
  artifactKey: Guid(59fa9dc3276d2704895240b22cee2fec) Importer(815301076,1909f56bfc062723c751e8b465ee728b)
Start importing Assets/UI Assets/ButtonUI.png using Guid(59fa9dc3276d2704895240b22cee2fec) Importer(815301076,1909f56bfc062723c751e8b465ee728b)  -> (artifact id: 'b0cad283d5621691727211b2ff99cbcd') in 0.190099 seconds
  Import took 0.288961 seconds .

========================================================================
Received Import Request.
  Time since last request: 0.000910 seconds.
  path: Assets/UI Assets/PlayButton.png
  artifactKey: Guid(899d56ca78c19164e9715cbf4890ac13) Importer(815301076,1909f56bfc062723c751e8b465ee728b)
Start importing Assets/UI Assets/PlayButton.png using Guid(899d56ca78c19164e9715cbf4890ac13) Importer(815301076,1909f56bfc062723c751e8b465ee728b)  -> (artifact id: '7e8f5351d4acb01f674c025b193bc559') in 0.025349 seconds
  Import took 0.071172 seconds .

========================================================================
Received Import Request.
  Time since last request: 2.292318 seconds.
  path: Assets/UI Assets/ButtonUI.png
  artifactKey: Guid(59fa9dc3276d2704895240b22cee2fec) Importer(815301076,1909f56bfc062723c751e8b465ee728b)
Start importing Assets/UI Assets/ButtonUI.png using Guid(59fa9dc3276d2704895240b22cee2fec) Importer(815301076,1909f56bfc062723c751e8b465ee728b)  -> (artifact id: 'cd0ec49f7b4b9f0feb2d0453e0c3d6b0') in 0.016649 seconds
  Import took 0.043472 seconds .

========================================================================
Received Import Request.
  Time since last request: 5.204678 seconds.
  path: Assets/UI Assets/ButtonUI.png
  artifactKey: Guid(59fa9dc3276d2704895240b22cee2fec) Importer(815301076,1909f56bfc062723c751e8b465ee728b)
Start importing Assets/UI Assets/ButtonUI.png using Guid(59fa9dc3276d2704895240b22cee2fec) Importer(815301076,1909f56bfc062723c751e8b465ee728b)  -> (artifact id: '6913f60856b6985a97e2c2f4a2a46002') in 0.027362 seconds
  Import took 0.034096 seconds .

========================================================================
Received Prepare
Registering precompiled user dll's ...
Registered in 0.001675 seconds.
Begin MonoManager ReloadAssembly
Native extension for WindowsStandalone target not found
Refreshing native plugins compatible for Editor in 0.91 ms, found 1 plugins.
Preloading 0 native plugins for Editor in 0.00 ms.
Invoked RoslynAnalysisRunner static constructor.
RoslynAnalysisRunner will not be running.
RoslynAnalysisRunner has terminated.
Mono: successfully reloaded assembly
- Completed reload, in  1.144 seconds
Platform modules already initialized, skipping
Shader 'Universal Render Pipeline/Particles/Lit': fallback shader 'Universal Render Pipeline/Particles/SimpleLit' not found
Refreshing native plugins compatible for Editor in 0.57 ms, found 1 plugins.
Preloading 0 native plugins for Editor in 0.00 ms.
Unloading 2943 Unused Serialized files (Serialized files now loaded: 0)
System memory in use before: 142.7 MB.
System memory in use after: 142.8 MB.

Unloading 13 unused Assets to reduce memory usage. Loaded Objects now: 3509.
Total: 4.745000 ms (FindLiveObjects: 0.636500 ms CreateObjectMapping: 0.366000 ms MarkObjects: 3.618500 ms  DeleteObjects: 0.121500 ms)

========================================================================
Received Prepare
Registering precompiled user dll's ...
Registered in 0.003140 seconds.
Begin MonoManager ReloadAssembly
Native extension for WindowsStandalone target not found
Refreshing native plugins compatible for Editor in 1.30 ms, found 1 plugins.
Preloading 0 native plugins for Editor in 0.00 ms.
Invoked RoslynAnalysisRunner static constructor.
RoslynAnalysisRunner will not be running.
RoslynAnalysisRunner has terminated.
Mono: successfully reloaded assembly
- Completed reload, in  1.135 seconds
Platform modules already initialized, skipping
Shader 'Universal Render Pipeline/Particles/Lit': fallback shader 'Universal Render Pipeline/Particles/SimpleLit' not found
Refreshing native plugins compatible for Editor in 0.93 ms, found 1 plugins.
Preloading 0 native plugins for Editor in 0.00 ms.
Unloading 2943 Unused Serialized files (Serialized files now loaded: 0)
System memory in use before: 142.8 MB.
System memory in use after: 142.9 MB.

Unloading 13 unused Assets to reduce memory usage. Loaded Objects now: 3513.
Total: 4.742900 ms (FindLiveObjects: 0.813700 ms CreateObjectMapping: 0.629400 ms MarkObjects: 3.169500 ms  DeleteObjects: 0.128400 ms)

========================================================================
Received Import Request.
  Time since last request: 288.927051 seconds.
  path: Assets/Scenes/Menu.unity
  artifactKey: Guid(6d7177363984cb349a4e71723f7435ff) Importer(815301076,1909f56bfc062723c751e8b465ee728b)
Start importing Assets/Scenes/Menu.unity using Guid(6d7177363984cb349a4e71723f7435ff) Importer(815301076,1909f56bfc062723c751e8b465ee728b)  -> (artifact id: '3365b3bba210c9c9e79a026f9dd5b9f3') in 0.027090 seconds
  Import took 0.035855 seconds .

========================================================================
Received Import Request.
  Time since last request: 27.635906 seconds.
  path: Assets/Scenes/Level 1.unity
  artifactKey: Guid(2cda990e2423bbf4892e6590ba056729) Importer(815301076,1909f56bfc062723c751e8b465ee728b)
Start importing Assets/Scenes/Level 1.unity using Guid(2cda990e2423bbf4892e6590ba056729) Importer(815301076,1909f56bfc062723c751e8b465ee728b)  -> (artifact id: '06519bcc4489da6e5b7d0a95d25e003f') in 0.009701 seconds
  Import took 0.106056 seconds .

========================================================================
Received Prepare
Registering precompiled user dll's ...
Registered in 0.001579 seconds.
Begin MonoManager ReloadAssembly
Native extension for WindowsStandalone target not found
Refreshing native plugins compatible for Editor in 0.82 ms, found 1 plugins.
Preloading 0 native plugins for Editor in 0.00 ms.
Invoked RoslynAnalysisRunner static constructor.
RoslynAnalysisRunner will not be running.
RoslynAnalysisRunner has terminated.
Mono: successfully reloaded assembly
- Completed reload, in  1.114 seconds
Platform modules already initialized, skipping
Shader 'Universal Render Pipeline/Particles/Lit': fallback shader 'Universal Render Pipeline/Particles/SimpleLit' not found
Refreshing native plugins compatible for Editor in 0.65 ms, found 1 plugins.
Preloading 0 native plugins for Editor in 0.00 ms.
Unloading 2943 Unused Serialized files (Serialized files now loaded: 0)
System memory in use before: 142.8 MB.
System memory in use after: 142.9 MB.

Unloading 13 unused Assets to reduce memory usage. Loaded Objects now: 3517.
Total: 3.768000 ms (FindLiveObjects: 0.436300 ms CreateObjectMapping: 0.194400 ms MarkObjects: 2.889000 ms  DeleteObjects: 0.245800 ms)

========================================================================
Received Prepare
Registering precompiled user dll's ...
Registered in 0.001566 seconds.
Begin MonoManager ReloadAssembly
Native extension for WindowsStandalone target not found
Refreshing native plugins compatible for Editor in 0.81 ms, found 1 plugins.
Preloading 0 native plugins for Editor in 0.00 ms.
Invoked RoslynAnalysisRunner static constructor.
RoslynAnalysisRunner will not be running.
RoslynAnalysisRunner has terminated.
Mono: successfully reloaded assembly
- Completed reload, in  1.082 seconds
Platform modules already initialized, skipping
Shader 'Universal Render Pipeline/Particles/Lit': fallback shader 'Universal Render Pipeline/Particles/SimpleLit' not found
Refreshing native plugins compatible for Editor in 0.62 ms, found 1 plugins.
Preloading 0 native plugins for Editor in 0.00 ms.
Unloading 2943 Unused Serialized files (Serialized files now loaded: 0)
System memory in use before: 142.8 MB.
System memory in use after: 142.9 MB.

Unloading 13 unused Assets to reduce memory usage. Loaded Objects now: 3521.
Total: 3.444800 ms (FindLiveObjects: 0.409300 ms CreateObjectMapping: 0.227600 ms MarkObjects: 2.658300 ms  DeleteObjects: 0.148400 ms)

========================================================================
Received Prepare
Registering precompiled user dll's ...
Registered in 0.001497 seconds.
Begin MonoManager ReloadAssembly
Native extension for WindowsStandalone target not found
Refreshing native plugins compatible for Editor in 0.59 ms, found 1 plugins.
Preloading 0 native plugins for Editor in 0.00 ms.
Invoked RoslynAnalysisRunner static constructor.
RoslynAnalysisRunner will not be running.
RoslynAnalysisRunner has terminated.
Mono: successfully reloaded assembly
- Completed reload, in  1.162 seconds
Platform modules already initialized, skipping
Shader 'Universal Render Pipeline/Particles/Lit': fallback shader 'Universal Render Pipeline/Particles/SimpleLit' not found
Refreshing native plugins compatible for Editor in 0.63 ms, found 1 plugins.
Preloading 0 native plugins for Editor in 0.00 ms.
Unloading 2943 Unused Serialized files (Serialized files now loaded: 0)
System memory in use before: 142.9 MB.
System memory in use after: 143.0 MB.

Unloading 13 unused Assets to reduce memory usage. Loaded Objects now: 3525.
Total: 5.275600 ms (FindLiveObjects: 0.562100 ms CreateObjectMapping: 0.490200 ms MarkObjects: 3.985800 ms  DeleteObjects: 0.235000 ms)

========================================================================
Received Prepare
Registering precompiled user dll's ...
Registered in 0.001514 seconds.
Begin MonoManager ReloadAssembly
Native extension for WindowsStandalone target not found
Refreshing native plugins compatible for Editor in 1.03 ms, found 1 plugins.
Preloading 0 native plugins for Editor in 0.00 ms.
Invoked RoslynAnalysisRunner static constructor.
RoslynAnalysisRunner will not be running.
RoslynAnalysisRunner has terminated.
Mono: successfully reloaded assembly
- Completed reload, in  1.101 seconds
Platform modules already initialized, skipping
Shader 'Universal Render Pipeline/Particles/Lit': fallback shader 'Universal Render Pipeline/Particles/SimpleLit' not found
Refreshing native plugins compatible for Editor in 0.58 ms, found 1 plugins.
Preloading 0 native plugins for Editor in 0.00 ms.
Unloading 2943 Unused Serialized files (Serialized files now loaded: 0)
System memory in use before: 142.9 MB.
System memory in use after: 143.0 MB.

Unloading 13 unused Assets to reduce memory usage. Loaded Objects now: 3529.
Total: 5.665700 ms (FindLiveObjects: 0.873800 ms CreateObjectMapping: 0.414800 ms MarkObjects: 4.188900 ms  DeleteObjects: 0.186000 ms)

========================================================================
Received Prepare
Registering precompiled user dll's ...
Registered in 0.001520 seconds.
Begin MonoManager ReloadAssembly
Native extension for WindowsStandalone target not found
Refreshing native plugins compatible for Editor in 0.55 ms, found 1 plugins.
Preloading 0 native plugins for Editor in 0.00 ms.
Invoked RoslynAnalysisRunner static constructor.
RoslynAnalysisRunner will not be running.
RoslynAnalysisRunner has terminated.
Mono: successfully reloaded assembly
- Completed reload, in  1.116 seconds
Platform modules already initialized, skipping
Shader 'Universal Render Pipeline/Particles/Lit': fallback shader 'Universal Render Pipeline/Particles/SimpleLit' not found
Refreshing native plugins compatible for Editor in 1.18 ms, found 1 plugins.
Preloading 0 native plugins for Editor in 0.00 ms.
Unloading 2943 Unused Serialized files (Serialized files now loaded: 0)
System memory in use before: 142.9 MB.
System memory in use after: 143.0 MB.

Unloading 13 unused Assets to reduce memory usage. Loaded Objects now: 3533.
Total: 3.745400 ms (FindLiveObjects: 0.544000 ms CreateObjectMapping: 0.307300 ms MarkObjects: 2.706000 ms  DeleteObjects: 0.186600 ms)

========================================================================
Received Prepare
Registering precompiled user dll's ...
Registered in 0.001455 seconds.
Begin MonoManager ReloadAssembly
Native extension for WindowsStandalone target not found
Refreshing native plugins compatible for Editor in 0.69 ms, found 1 plugins.
Preloading 0 native plugins for Editor in 0.00 ms.
Invoked RoslynAnalysisRunner static constructor.
RoslynAnalysisRunner will not be running.
RoslynAnalysisRunner has terminated.
Mono: successfully reloaded assembly
- Completed reload, in  1.565 seconds
Platform modules already initialized, skipping
Shader 'Universal Render Pipeline/Particles/Lit': fallback shader 'Universal Render Pipeline/Particles/SimpleLit' not found
Refreshing native plugins compatible for Editor in 0.99 ms, found 1 plugins.
Preloading 0 native plugins for Editor in 0.00 ms.
Unloading 2943 Unused Serialized files (Serialized files now loaded: 0)
System memory in use before: 142.9 MB.
System memory in use after: 143.0 MB.

Unloading 13 unused Assets to reduce memory usage. Loaded Objects now: 3537.
Total: 5.173500 ms (FindLiveObjects: 0.664800 ms CreateObjectMapping: 0.350200 ms MarkObjects: 3.982700 ms  DeleteObjects: 0.174200 ms)

========================================================================
Received Prepare
Registering precompiled user dll's ...
Registered in 0.001610 seconds.
Begin MonoManager ReloadAssembly
Native extension for WindowsStandalone target not found
Refreshing native plugins compatible for Editor in 0.71 ms, found 1 plugins.
Preloading 0 native plugins for Editor in 0.00 ms.
Invoked RoslynAnalysisRunner static constructor.
RoslynAnalysisRunner will not be running.
RoslynAnalysisRunner has terminated.
Mono: successfully reloaded assembly
- Completed reload, in  1.092 seconds
Platform modules already initialized, skipping
Shader 'Universal Render Pipeline/Particles/Lit': fallback shader 'Universal Render Pipeline/Particles/SimpleLit' not found
Refreshing native plugins compatible for Editor in 0.93 ms, found 1 plugins.
Preloading 0 native plugins for Editor in 0.00 ms.
Unloading 2943 Unused Serialized files (Serialized files now loaded: 0)
System memory in use before: 142.9 MB.
System memory in use after: 143.0 MB.

Unloading 13 unused Assets to reduce memory usage. Loaded Objects now: 3541.
Total: 4.541700 ms (FindLiveObjects: 0.783400 ms CreateObjectMapping: 0.308000 ms MarkObjects: 3.252800 ms  DeleteObjects: 0.195400 ms)

========================================================================
Received Prepare
Registering precompiled user dll's ...
Registered in 0.001502 seconds.
Begin MonoManager ReloadAssembly
Native extension for WindowsStandalone target not found
Refreshing native plugins compatible for Editor in 0.55 ms, found 1 plugins.
Preloading 0 native plugins for Editor in 0.00 ms.
Invoked RoslynAnalysisRunner static constructor.
RoslynAnalysisRunner will not be running.
RoslynAnalysisRunner has terminated.
Mono: successfully reloaded assembly
- Completed reload, in  1.112 seconds
Platform modules already initialized, skipping
Shader 'Universal Render Pipeline/Particles/Lit': fallback shader 'Universal Render Pipeline/Particles/SimpleLit' not found
Refreshing native plugins compatible for Editor in 0.73 ms, found 1 plugins.
Preloading 0 native plugins for Editor in 0.00 ms.
Unloading 2943 Unused Serialized files (Serialized files now loaded: 0)
System memory in use before: 142.7 MB.
System memory in use after: 142.8 MB.

Unloading 13 unused Assets to reduce memory usage. Loaded Objects now: 3545.
Total: 3.731700 ms (FindLiveObjects: 0.464800 ms CreateObjectMapping: 0.299000 ms MarkObjects: 2.789300 ms  DeleteObjects: 0.174900 ms)

========================================================================
Received Prepare
Registering precompiled user dll's ...
Registered in 0.001483 seconds.
Begin MonoManager ReloadAssembly
Native extension for WindowsStandalone target not found
Refreshing native plugins compatible for Editor in 0.53 ms, found 1 plugins.
Preloading 0 native plugins for Editor in 0.00 ms.
Invoked RoslynAnalysisRunner static constructor.
RoslynAnalysisRunner will not be running.
RoslynAnalysisRunner has terminated.
Mono: successfully reloaded assembly
- Completed reload, in  1.130 seconds
Platform modules already initialized, skipping
Shader 'Universal Render Pipeline/Particles/Lit': fallback shader 'Universal Render Pipeline/Particles/SimpleLit' not found
Refreshing native plugins compatible for Editor in 0.60 ms, found 1 plugins.
Preloading 0 native plugins for Editor in 0.00 ms.
Unloading 2943 Unused Serialized files (Serialized files now loaded: 0)
System memory in use before: 142.7 MB.
System memory in use after: 142.8 MB.

Unloading 13 unused Assets to reduce memory usage. Loaded Objects now: 3549.
Total: 4.247400 ms (FindLiveObjects: 0.476300 ms CreateObjectMapping: 0.192800 ms MarkObjects: 3.359900 ms  DeleteObjects: 0.197800 ms)

========================================================================
Received Import Request.
  Time since last request: 2513.026114 seconds.
  path: Assets/UI Assets/monitor.png
  artifactKey: Guid(ddfa4a3b795d0c047ad8f8a131d59e7b) Importer(815301076,1909f56bfc062723c751e8b465ee728b)
Start importing Assets/UI Assets/monitor.png using Guid(ddfa4a3b795d0c047ad8f8a131d59e7b) Importer(815301076,1909f56bfc062723c751e8b465ee728b)  -> (artifact id: 'ebbb97b47b075aea3dfaa302c099cb3b') in 0.079134 seconds
  Import took 0.105860 seconds .

========================================================================
Received Import Request.
  Time since last request: 4.849464 seconds.
  path: Assets/Scenes/Menu.unity
  artifactKey: Guid(6d7177363984cb349a4e71723f7435ff) Importer(815301076,1909f56bfc062723c751e8b465ee728b)
Start importing Assets/Scenes/Menu.unity using Guid(6d7177363984cb349a4e71723f7435ff) Importer(815301076,1909f56bfc062723c751e8b465ee728b)  -> (artifact id: 'c31a87277eb13a791fd835febdf13da0') in 0.004227 seconds
  Import took 0.120961 seconds .

========================================================================
Received Prepare
Registering precompiled user dll's ...
Registered in 0.001614 seconds.
Begin MonoManager ReloadAssembly
Native extension for WindowsStandalone target not found
Refreshing native plugins compatible for Editor in 0.85 ms, found 1 plugins.
Preloading 0 native plugins for Editor in 0.00 ms.
Invoked RoslynAnalysisRunner static constructor.
RoslynAnalysisRunner will not be running.
RoslynAnalysisRunner has terminated.
Mono: successfully reloaded assembly
- Completed reload, in  1.095 seconds
Platform modules already initialized, skipping
Shader 'Universal Render Pipeline/Particles/Lit': fallback shader 'Universal Render Pipeline/Particles/SimpleLit' not found
Refreshing native plugins compatible for Editor in 0.59 ms, found 1 plugins.
Preloading 0 native plugins for Editor in 0.00 ms.
Unloading 2943 Unused Serialized files (Serialized files now loaded: 0)
System memory in use before: 142.8 MB.
System memory in use after: 142.9 MB.

Unloading 13 unused Assets to reduce memory usage. Loaded Objects now: 3556.
Total: 3.788300 ms (FindLiveObjects: 0.535000 ms CreateObjectMapping: 0.161100 ms MarkObjects: 2.881500 ms  DeleteObjects: 0.209100 ms)

========================================================================
Received Import Request.
  Time since last request: 268.290772 seconds.
  path: Assets/Scenes/How To Play.unity
  artifactKey: Guid(d3a74fffe5805084293427877b49f174) Importer(815301076,1909f56bfc062723c751e8b465ee728b)
Start importing Assets/Scenes/How To Play.unity using Guid(d3a74fffe5805084293427877b49f174) Importer(815301076,1909f56bfc062723c751e8b465ee728b)  -> (artifact id: '9f3743f83532161399fb7f116c299748') in 0.024406 seconds
  Import took 0.032316 seconds .

========================================================================
Received Prepare
Registering precompiled user dll's ...
Registered in 0.001755 seconds.
Begin MonoManager ReloadAssembly
Native extension for WindowsStandalone target not found
Refreshing native plugins compatible for Editor in 0.62 ms, found 1 plugins.
Preloading 0 native plugins for Editor in 0.00 ms.
Invoked RoslynAnalysisRunner static constructor.
RoslynAnalysisRunner will not be running.
RoslynAnalysisRunner has terminated.
Mono: successfully reloaded assembly
- Completed reload, in  1.079 seconds
Platform modules already initialized, skipping
Shader 'Universal Render Pipeline/Particles/Lit': fallback shader 'Universal Render Pipeline/Particles/SimpleLit' not found
Refreshing native plugins compatible for Editor in 0.57 ms, found 1 plugins.
Preloading 0 native plugins for Editor in 0.00 ms.
Unloading 2943 Unused Serialized files (Serialized files now loaded: 0)
System memory in use before: 142.8 MB.
System memory in use after: 142.9 MB.

Unloading 13 unused Assets to reduce memory usage. Loaded Objects now: 3560.
Total: 5.890100 ms (FindLiveObjects: 0.630400 ms CreateObjectMapping: 0.379400 ms MarkObjects: 4.589200 ms  DeleteObjects: 0.288100 ms)

========================================================================
Received Import Request.
  Time since last request: 2537.747807 seconds.
  path: Assets/UI Assets/SpaceKeys (1).png
  artifactKey: Guid(9f029dfe2e73cc54eb7926e2d4b7646c) Importer(815301076,1909f56bfc062723c751e8b465ee728b)
Start importing Assets/UI Assets/SpaceKeys (1).png using Guid(9f029dfe2e73cc54eb7926e2d4b7646c) Importer(815301076,1909f56bfc062723c751e8b465ee728b)  -> (artifact id: 'faa7d9c797e591a7a8de337648f9212b') in 0.141240 seconds
  Import took 0.169128 seconds .

========================================================================
Received Import Request.
  Time since last request: 69.230405 seconds.
  path: Assets/UI Assets/SpaceKeys (1).png
  artifactKey: Guid(9f029dfe2e73cc54eb7926e2d4b7646c) Importer(815301076,1909f56bfc062723c751e8b465ee728b)
Start importing Assets/UI Assets/SpaceKeys (1).png using Guid(9f029dfe2e73cc54eb7926e2d4b7646c) Importer(815301076,1909f56bfc062723c751e8b465ee728b)  -> (artifact id: '26c5ca5c220c16b1b39f70370a4fc9e4') in 0.035777 seconds
  Import took 0.059082 seconds .

========================================================================
Received Import Request.
  Time since last request: 33.714795 seconds.
  path: Assets/UI Assets/SpaceKeys (2).png
  artifactKey: Guid(29304e58581964146b40da3eabcc7e33) Importer(815301076,1909f56bfc062723c751e8b465ee728b)
Start importing Assets/UI Assets/SpaceKeys (2).png using Guid(29304e58581964146b40da3eabcc7e33) Importer(815301076,1909f56bfc062723c751e8b465ee728b)  -> (artifact id: '0aa6437413fae22206f0071a4f5a65e6') in 0.032209 seconds
  Import took 0.073440 seconds .

========================================================================
Received Import Request.
  Time since last request: 188.719698 seconds.
  path: Assets/UI Assets/SpaceKeys (2).png
  artifactKey: Guid(29304e58581964146b40da3eabcc7e33) Importer(815301076,1909f56bfc062723c751e8b465ee728b)
Start importing Assets/UI Assets/SpaceKeys (2).png using Guid(29304e58581964146b40da3eabcc7e33) Importer(815301076,1909f56bfc062723c751e8b465ee728b)  -> (artifact id: '1db788ccd46f0065896dab254b29182d') in 0.020582 seconds
  Import took 0.027650 seconds .

========================================================================
Received Import Request.
  Time since last request: 11.733838 seconds.
  path: Assets/UI Assets/SpaceKeys (2).png
  artifactKey: Guid(29304e58581964146b40da3eabcc7e33) Importer(815301076,1909f56bfc062723c751e8b465ee728b)
Start importing Assets/UI Assets/SpaceKeys (2).png using Guid(29304e58581964146b40da3eabcc7e33) Importer(815301076,1909f56bfc062723c751e8b465ee728b)  -> (artifact id: '85cfaf92e8bf42425301296c178acd69') in 0.043406 seconds
  Import took 0.051501 seconds .

========================================================================
Received Import Request.
  Time since last request: 38.590742 seconds.
  path: Assets/UI Assets/SpaceKeys (3).png
  artifactKey: Guid(02b304c19549b0e4a88e1e5412628f59) Importer(815301076,1909f56bfc062723c751e8b465ee728b)
Start importing Assets/UI Assets/SpaceKeys (3).png using Guid(02b304c19549b0e4a88e1e5412628f59) Importer(815301076,1909f56bfc062723c751e8b465ee728b)  -> (artifact id: '4febe9ae706cec50c04e0c5311e20937') in 0.026387 seconds
  Import took 0.088959 seconds .

========================================================================
Received Import Request.
  Time since last request: 0.002382 seconds.
  path: Assets/UI Assets/SpaceKeys (3).png
  artifactKey: Guid(02b304c19549b0e4a88e1e5412628f59) Importer(815301076,1909f56bfc062723c751e8b465ee728b)
Start importing Assets/UI Assets/SpaceKeys (3).png using Guid(02b304c19549b0e4a88e1e5412628f59) Importer(815301076,1909f56bfc062723c751e8b465ee728b)  -> (artifact id: '4febe9ae706cec50c04e0c5311e20937') in 0.014170 seconds
  Import took 0.021184 seconds .

========================================================================
Received Import Request.
  Time since last request: 7.143915 seconds.
  path: Assets/UI Assets/SpaceKeys (3).png
  artifactKey: Guid(02b304c19549b0e4a88e1e5412628f59) Importer(815301076,1909f56bfc062723c751e8b465ee728b)
Start importing Assets/UI Assets/SpaceKeys (3).png using Guid(02b304c19549b0e4a88e1e5412628f59) Importer(815301076,1909f56bfc062723c751e8b465ee728b)  -> (artifact id: '416fb6f1499f2df908d1fe288c70b0cc') in 0.027748 seconds
  Import took 0.052165 seconds .

========================================================================
Received Import Request.
  Time since last request: 11.017147 seconds.
  path: Assets/UI Assets/SpaceKeys (3).png
  artifactKey: Guid(02b304c19549b0e4a88e1e5412628f59) Importer(815301076,1909f56bfc062723c751e8b465ee728b)
Start importing Assets/UI Assets/SpaceKeys (3).png using Guid(02b304c19549b0e4a88e1e5412628f59) Importer(815301076,1909f56bfc062723c751e8b465ee728b)  -> (artifact id: '2da9a2f9906a64f3ad1b55732b44e449') in 0.034393 seconds
  Import took 0.309911 seconds .

========================================================================
Received Import Request.
  Time since last request: 701.174475 seconds.
  path: Assets/UI Assets/SpaceKeys (4).png
  artifactKey: Guid(427efa6b3ae86d246ae096dd757e519e) Importer(815301076,1909f56bfc062723c751e8b465ee728b)
Start importing Assets/UI Assets/SpaceKeys (4).png using Guid(427efa6b3ae86d246ae096dd757e519e) Importer(815301076,1909f56bfc062723c751e8b465ee728b)  -> (artifact id: '513f418be6bdde51a8c98a36e4fd6209') in 0.027041 seconds
  Import took 0.055909 seconds .

========================================================================
Received Import Request.
  Time since last request: 5.657803 seconds.
  path: Assets/UI Assets/SpaceKeys (4).png
  artifactKey: Guid(427efa6b3ae86d246ae096dd757e519e) Importer(815301076,1909f56bfc062723c751e8b465ee728b)
Start importing Assets/UI Assets/SpaceKeys (4).png using Guid(427efa6b3ae86d246ae096dd757e519e) Importer(815301076,1909f56bfc062723c751e8b465ee728b)  -> (artifact id: '41fd8f73e5904c69763cba227ca3fce5') in 0.020719 seconds
  Import took 0.029399 seconds .

========================================================================
Received Import Request.
  Time since last request: 6.841012 seconds.
  path: Assets/UI Assets/SpaceKeys (4).png
  artifactKey: Guid(427efa6b3ae86d246ae096dd757e519e) Importer(815301076,1909f56bfc062723c751e8b465ee728b)
Start importing Assets/UI Assets/SpaceKeys (4).png using Guid(427efa6b3ae86d246ae096dd757e519e) Importer(815301076,1909f56bfc062723c751e8b465ee728b)  -> (artifact id: '36c034d0da30d6de41332a50debbee31') in 0.020280 seconds
  Import took 0.027111 seconds .

========================================================================
Received Prepare
Registering precompiled user dll's ...
Registered in 0.002808 seconds.
Begin MonoManager ReloadAssembly
Native extension for WindowsStandalone target not found
Refreshing native plugins compatible for Editor in 0.86 ms, found 1 plugins.
Preloading 0 native plugins for Editor in 0.00 ms.
Invoked RoslynAnalysisRunner static constructor.
RoslynAnalysisRunner will not be running.
RoslynAnalysisRunner has terminated.
Mono: successfully reloaded assembly
- Completed reload, in  1.238 seconds
Platform modules already initialized, skipping
Shader 'Universal Render Pipeline/Particles/Lit': fallback shader 'Universal Render Pipeline/Particles/SimpleLit' not found
Refreshing native plugins compatible for Editor in 0.58 ms, found 1 plugins.
Preloading 0 native plugins for Editor in 0.00 ms.
Unloading 2943 Unused Serialized files (Serialized files now loaded: 0)
System memory in use before: 142.8 MB.
System memory in use after: 142.9 MB.

Unloading 13 unused Assets to reduce memory usage. Loaded Objects now: 3579.
Total: 6.372400 ms (FindLiveObjects: 0.676300 ms CreateObjectMapping: 0.408600 ms MarkObjects: 4.956300 ms  DeleteObjects: 0.328600 ms)

========================================================================
Received Prepare
Registering precompiled user dll's ...
Registered in 0.002129 seconds.
Begin MonoManager ReloadAssembly
Native extension for WindowsStandalone target not found
Refreshing native plugins compatible for Editor in 0.53 ms, found 1 plugins.
Preloading 0 native plugins for Editor in 0.00 ms.
Invoked RoslynAnalysisRunner static constructor.
RoslynAnalysisRunner will not be running.
RoslynAnalysisRunner has terminated.
Mono: successfully reloaded assembly
- Completed reload, in  1.106 seconds
Platform modules already initialized, skipping
Shader 'Universal Render Pipeline/Particles/Lit': fallback shader 'Universal Render Pipeline/Particles/SimpleLit' not found
Refreshing native plugins compatible for Editor in 0.60 ms, found 1 plugins.
Preloading 0 native plugins for Editor in 0.00 ms.
Unloading 2943 Unused Serialized files (Serialized files now loaded: 0)
System memory in use before: 142.8 MB.
System memory in use after: 143.0 MB.

Unloading 13 unused Assets to reduce memory usage. Loaded Objects now: 3583.
Total: 3.722000 ms (FindLiveObjects: 0.681100 ms CreateObjectMapping: 0.197100 ms MarkObjects: 2.635000 ms  DeleteObjects: 0.205300 ms)

========================================================================
Received Import Request.
  Time since last request: 606.600620 seconds.
  path: Assets/Scenes/Level 1.unity
  artifactKey: Guid(2cda990e2423bbf4892e6590ba056729) Importer(815301076,1909f56bfc062723c751e8b465ee728b)
Start importing Assets/Scenes/Level 1.unity using Guid(2cda990e2423bbf4892e6590ba056729) Importer(815301076,1909f56bfc062723c751e8b465ee728b)  -> (artifact id: 'bc0d6a504ca86eb3722d8c81f455480e') in 0.032184 seconds
  Import took 0.167362 seconds .

========================================================================
Received Import Request.
  Time since last request: 19.009347 seconds.
  path: Assets/Player Assets/PlayerIdle.png
  artifactKey: Guid(3f1f5e568c4ce614facc512177c7ac9f) Importer(815301076,1909f56bfc062723c751e8b465ee728b)
Start importing Assets/Player Assets/PlayerIdle.png using Guid(3f1f5e568c4ce614facc512177c7ac9f) Importer(815301076,1909f56bfc062723c751e8b465ee728b)  -> (artifact id: '936804382dd33a8f53f5fe88c135b619') in 0.069117 seconds
  Import took 0.182441 seconds .

========================================================================
Received Import Request.
  Time since last request: 0.000327 seconds.
  path: Assets/Player Assets/PlayerWalk.png
  artifactKey: Guid(3d9704ddb11d0f44f8068e11d91b28ee) Importer(815301076,1909f56bfc062723c751e8b465ee728b)
Start importing Assets/Player Assets/PlayerWalk.png using Guid(3d9704ddb11d0f44f8068e11d91b28ee) Importer(815301076,1909f56bfc062723c751e8b465ee728b)  -> (artifact id: '92355fd1c3b5691980bdb6bfcbddfa6e') in 0.025372 seconds
  Import took 0.031743 seconds .

========================================================================
Received Import Request.
  Time since last request: 23.541138 seconds.
  path: Assets/Player Assets/PlayerIdle.png
  artifactKey: Guid(3f1f5e568c4ce614facc512177c7ac9f) Importer(815301076,1909f56bfc062723c751e8b465ee728b)
Start importing Assets/Player Assets/PlayerIdle.png using Guid(3f1f5e568c4ce614facc512177c7ac9f) Importer(815301076,1909f56bfc062723c751e8b465ee728b)  -> (artifact id: '2b3be4ae4cb3559e39a7bcbab5101584') in 0.017749 seconds
  Import took 0.046570 seconds .

========================================================================
Received Import Request.
  Time since last request: 31.679137 seconds.
  path: Assets/Player Assets/PlayerIdle.png
  artifactKey: Guid(3f1f5e568c4ce614facc512177c7ac9f) Importer(815301076,1909f56bfc062723c751e8b465ee728b)
Start importing Assets/Player Assets/PlayerIdle.png using Guid(3f1f5e568c4ce614facc512177c7ac9f) Importer(815301076,1909f56bfc062723c751e8b465ee728b)  -> (artifact id: 'b7342c6f948e52fb83b34f72bd647662') in 0.076706 seconds
  Import took 0.104276 seconds .

========================================================================
Received Prepare
Registering precompiled user dll's ...
Registered in 0.001593 seconds.
Begin MonoManager ReloadAssembly
Native extension for WindowsStandalone target not found
Refreshing native plugins compatible for Editor in 0.93 ms, found 1 plugins.
Preloading 0 native plugins for Editor in 0.00 ms.
Invoked RoslynAnalysisRunner static constructor.
RoslynAnalysisRunner will not be running.
RoslynAnalysisRunner has terminated.
Mono: successfully reloaded assembly
- Completed reload, in  1.079 seconds
Platform modules already initialized, skipping
Shader 'Universal Render Pipeline/Particles/Lit': fallback shader 'Universal Render Pipeline/Particles/SimpleLit' not found
Refreshing native plugins compatible for Editor in 0.58 ms, found 1 plugins.
Preloading 0 native plugins for Editor in 0.00 ms.
Unloading 2943 Unused Serialized files (Serialized files now loaded: 0)
System memory in use before: 142.9 MB.
System memory in use after: 143.0 MB.

Unloading 13 unused Assets to reduce memory usage. Loaded Objects now: 3596.
Total: 3.778900 ms (FindLiveObjects: 0.432500 ms CreateObjectMapping: 0.239200 ms MarkObjects: 2.918500 ms  DeleteObjects: 0.187300 ms)

========================================================================
Received Prepare
Registering precompiled user dll's ...
Registered in 0.001444 seconds.
Begin MonoManager ReloadAssembly
Native extension for WindowsStandalone target not found
Refreshing native plugins compatible for Editor in 0.73 ms, found 1 plugins.
Preloading 0 native plugins for Editor in 0.00 ms.
Invoked RoslynAnalysisRunner static constructor.
RoslynAnalysisRunner will not be running.
RoslynAnalysisRunner has terminated.
Mono: successfully reloaded assembly
- Completed reload, in  1.192 seconds
Platform modules already initialized, skipping
Shader 'Universal Render Pipeline/Particles/Lit': fallback shader 'Universal Render Pipeline/Particles/SimpleLit' not found
Refreshing native plugins compatible for Editor in 0.68 ms, found 1 plugins.
Preloading 0 native plugins for Editor in 0.00 ms.
Unloading 2943 Unused Serialized files (Serialized files now loaded: 0)
System memory in use before: 142.9 MB.
System memory in use after: 143.0 MB.

Unloading 13 unused Assets to reduce memory usage. Loaded Objects now: 3600.
Total: 4.362800 ms (FindLiveObjects: 0.791500 ms CreateObjectMapping: 0.598600 ms MarkObjects: 2.819400 ms  DeleteObjects: 0.151600 ms)

========================================================================
Received Import Request.
  Time since last request: 323.241581 seconds.
  path: Assets/Player Assets/PlayerWalk.png
  artifactKey: Guid(3d9704ddb11d0f44f8068e11d91b28ee) Importer(815301076,1909f56bfc062723c751e8b465ee728b)
Start importing Assets/Player Assets/PlayerWalk.png using Guid(3d9704ddb11d0f44f8068e11d91b28ee) Importer(815301076,1909f56bfc062723c751e8b465ee728b)  -> (artifact id: '8ed874fd3360b0ecfa51d7199555a586') in 0.048668 seconds
  Import took 0.056692 seconds .

========================================================================
Received Import Request.
  Time since last request: 10.612902 seconds.
  path: Assets/Player Assets/PlayerWalk.png
  artifactKey: Guid(3d9704ddb11d0f44f8068e11d91b28ee) Importer(815301076,1909f56bfc062723c751e8b465ee728b)
Start importing Assets/Player Assets/PlayerWalk.png using Guid(3d9704ddb11d0f44f8068e11d91b28ee) Importer(815301076,1909f56bfc062723c751e8b465ee728b)  -> (artifact id: 'b92a283737f015da43be5cf87d91f529') in 0.042300 seconds
  Import took 0.085704 seconds .

========================================================================
Received Import Request.
  Time since last request: 86.121672 seconds.
  path: Assets/Player Assets/Jump.anim
  artifactKey: Guid(7118ee6d4ae48614b8abf4b265341d6b) Importer(815301076,1909f56bfc062723c751e8b465ee728b)
Start importing Assets/Player Assets/Jump.anim using Guid(7118ee6d4ae48614b8abf4b265341d6b) Importer(815301076,1909f56bfc062723c751e8b465ee728b)  -> (artifact id: '45d7656a0b61de8f6bbe2f8c447b0c9a') in 0.013646 seconds
  Import took 0.133157 seconds .

========================================================================
Received Prepare
Registering precompiled user dll's ...
Registered in 0.001587 seconds.
Begin MonoManager ReloadAssembly
Native extension for WindowsStandalone target not found
Refreshing native plugins compatible for Editor in 0.54 ms, found 1 plugins.
Preloading 0 native plugins for Editor in 0.00 ms.
Invoked RoslynAnalysisRunner static constructor.
RoslynAnalysisRunner will not be running.
RoslynAnalysisRunner has terminated.
Mono: successfully reloaded assembly
- Completed reload, in  1.097 seconds
Platform modules already initialized, skipping
Shader 'Universal Render Pipeline/Particles/Lit': fallback shader 'Universal Render Pipeline/Particles/SimpleLit' not found
Refreshing native plugins compatible for Editor in 0.66 ms, found 1 plugins.
Preloading 0 native plugins for Editor in 0.00 ms.
Unloading 2943 Unused Serialized files (Serialized files now loaded: 0)
System memory in use before: 142.9 MB.
System memory in use after: 143.0 MB.

Unloading 13 unused Assets to reduce memory usage. Loaded Objects now: 3609.
Total: 3.675100 ms (FindLiveObjects: 0.442400 ms CreateObjectMapping: 0.271200 ms MarkObjects: 2.780200 ms  DeleteObjects: 0.178900 ms)

========================================================================
Received Prepare
Registering precompiled user dll's ...
Registered in 0.001492 seconds.
Begin MonoManager ReloadAssembly
Native extension for WindowsStandalone target not found
Refreshing native plugins compatible for Editor in 0.57 ms, found 1 plugins.
Preloading 0 native plugins for Editor in 0.00 ms.
Invoked RoslynAnalysisRunner static constructor.
RoslynAnalysisRunner will not be running.
RoslynAnalysisRunner has terminated.
Mono: successfully reloaded assembly
- Completed reload, in  1.099 seconds
Platform modules already initialized, skipping
Shader 'Universal Render Pipeline/Particles/Lit': fallback shader 'Universal Render Pipeline/Particles/SimpleLit' not found
Refreshing native plugins compatible for Editor in 0.57 ms, found 1 plugins.
Preloading 0 native plugins for Editor in 0.00 ms.
Unloading 2943 Unused Serialized files (Serialized files now loaded: 0)
System memory in use before: 142.9 MB.
System memory in use after: 143.0 MB.

Unloading 13 unused Assets to reduce memory usage. Loaded Objects now: 3613.
Total: 3.631900 ms (FindLiveObjects: 0.676900 ms CreateObjectMapping: 0.247900 ms MarkObjects: 2.523700 ms  DeleteObjects: 0.181600 ms)

========================================================================
Received Prepare
Registering precompiled user dll's ...
Registered in 0.001488 seconds.
Begin MonoManager ReloadAssembly
Native extension for WindowsStandalone target not found
Refreshing native plugins compatible for Editor in 0.56 ms, found 1 plugins.
Preloading 0 native plugins for Editor in 0.00 ms.
Invoked RoslynAnalysisRunner static constructor.
RoslynAnalysisRunner will not be running.
RoslynAnalysisRunner has terminated.
Mono: successfully reloaded assembly
- Completed reload, in  1.108 seconds
Platform modules already initialized, skipping
Shader 'Universal Render Pipeline/Particles/Lit': fallback shader 'Universal Render Pipeline/Particles/SimpleLit' not found
Refreshing native plugins compatible for Editor in 0.59 ms, found 1 plugins.
Preloading 0 native plugins for Editor in 0.00 ms.
Unloading 2943 Unused Serialized files (Serialized files now loaded: 0)
System memory in use before: 142.9 MB.
System memory in use after: 143.0 MB.

Unloading 13 unused Assets to reduce memory usage. Loaded Objects now: 3617.
Total: 3.932900 ms (FindLiveObjects: 0.442500 ms CreateObjectMapping: 0.191000 ms MarkObjects: 3.110800 ms  DeleteObjects: 0.186700 ms)

========================================================================
Received Prepare
Registering precompiled user dll's ...
Registered in 0.001457 seconds.
Begin MonoManager ReloadAssembly
Native extension for WindowsStandalone target not found
Refreshing native plugins compatible for Editor in 0.54 ms, found 1 plugins.
Preloading 0 native plugins for Editor in 0.00 ms.
Invoked RoslynAnalysisRunner static constructor.
RoslynAnalysisRunner will not be running.
RoslynAnalysisRunner has terminated.
Mono: successfully reloaded assembly
- Completed reload, in  1.115 seconds
Platform modules already initialized, skipping
Shader 'Universal Render Pipeline/Particles/Lit': fallback shader 'Universal Render Pipeline/Particles/SimpleLit' not found
Refreshing native plugins compatible for Editor in 0.57 ms, found 1 plugins.
Preloading 0 native plugins for Editor in 0.00 ms.
Unloading 2943 Unused Serialized files (Serialized files now loaded: 0)
System memory in use before: 142.9 MB.
System memory in use after: 143.0 MB.

Unloading 13 unused Assets to reduce memory usage. Loaded Objects now: 3621.
Total: 4.905000 ms (FindLiveObjects: 0.587600 ms CreateObjectMapping: 0.276400 ms MarkObjects: 3.813200 ms  DeleteObjects: 0.224900 ms)

========================================================================
Received Prepare
Registering precompiled user dll's ...
Registered in 0.001705 seconds.
Begin MonoManager ReloadAssembly
Native extension for WindowsStandalone target not found
Refreshing native plugins compatible for Editor in 0.70 ms, found 1 plugins.
Preloading 0 native plugins for Editor in 0.00 ms.
Invoked RoslynAnalysisRunner static constructor.
RoslynAnalysisRunner will not be running.
RoslynAnalysisRunner has terminated.
Mono: successfully reloaded assembly
- Completed reload, in  1.486 seconds
Platform modules already initialized, skipping
Shader 'Universal Render Pipeline/Particles/Lit': fallback shader 'Universal Render Pipeline/Particles/SimpleLit' not found
Refreshing native plugins compatible for Editor in 0.98 ms, found 1 plugins.
Preloading 0 native plugins for Editor in 0.00 ms.
Unloading 2943 Unused Serialized files (Serialized files now loaded: 0)
System memory in use before: 142.9 MB.
System memory in use after: 143.1 MB.

Unloading 13 unused Assets to reduce memory usage. Loaded Objects now: 3625.
Total: 4.778900 ms (FindLiveObjects: 0.574400 ms CreateObjectMapping: 0.258800 ms MarkObjects: 3.764500 ms  DeleteObjects: 0.179300 ms)

========================================================================
Received Prepare
Registering precompiled user dll's ...
Registered in 0.001901 seconds.
Begin MonoManager ReloadAssembly
Native extension for WindowsStandalone target not found
Refreshing native plugins compatible for Editor in 0.52 ms, found 1 plugins.
Preloading 0 native plugins for Editor in 0.00 ms.
Invoked RoslynAnalysisRunner static constructor.
RoslynAnalysisRunner will not be running.
RoslynAnalysisRunner has terminated.
Mono: successfully reloaded assembly
- Completed reload, in  1.168 seconds
Platform modules already initialized, skipping
Shader 'Universal Render Pipeline/Particles/Lit': fallback shader 'Universal Render Pipeline/Particles/SimpleLit' not found
Refreshing native plugins compatible for Editor in 0.72 ms, found 1 plugins.
Preloading 0 native plugins for Editor in 0.00 ms.
Unloading 2943 Unused Serialized files (Serialized files now loaded: 0)
System memory in use before: 142.9 MB.
System memory in use after: 143.1 MB.

Unloading 13 unused Assets to reduce memory usage. Loaded Objects now: 3629.
Total: 4.134100 ms (FindLiveObjects: 0.503500 ms CreateObjectMapping: 0.258900 ms MarkObjects: 3.212100 ms  DeleteObjects: 0.157100 ms)

========================================================================
Received Prepare
Registering precompiled user dll's ...
Registered in 0.001528 seconds.
Begin MonoManager ReloadAssembly
Native extension for WindowsStandalone target not found
Refreshing native plugins compatible for Editor in 0.66 ms, found 1 plugins.
Preloading 0 native plugins for Editor in 0.00 ms.
Invoked RoslynAnalysisRunner static constructor.
RoslynAnalysisRunner will not be running.
RoslynAnalysisRunner has terminated.
Mono: successfully reloaded assembly
- Completed reload, in  1.124 seconds
Platform modules already initialized, skipping
Shader 'Universal Render Pipeline/Particles/Lit': fallback shader 'Universal Render Pipeline/Particles/SimpleLit' not found
Refreshing native plugins compatible for Editor in 0.59 ms, found 1 plugins.
Preloading 0 native plugins for Editor in 0.00 ms.
Unloading 2943 Unused Serialized files (Serialized files now loaded: 0)
System memory in use before: 143.0 MB.
System memory in use after: 143.1 MB.

Unloading 13 unused Assets to reduce memory usage. Loaded Objects now: 3633.
Total: 3.924100 ms (FindLiveObjects: 0.623000 ms CreateObjectMapping: 0.374900 ms MarkObjects: 2.732800 ms  DeleteObjects: 0.173600 ms)

========================================================================
Received Prepare
Registering precompiled user dll's ...
Registered in 0.001961 seconds.
Begin MonoManager ReloadAssembly
Native extension for WindowsStandalone target not found
Refreshing native plugins compatible for Editor in 0.89 ms, found 1 plugins.
Preloading 0 native plugins for Editor in 0.00 ms.
Invoked RoslynAnalysisRunner static constructor.
RoslynAnalysisRunner will not be running.
RoslynAnalysisRunner has terminated.
Mono: successfully reloaded assembly
- Completed reload, in  1.244 seconds
Platform modules already initialized, skipping
Shader 'Universal Render Pipeline/Particles/Lit': fallback shader 'Universal Render Pipeline/Particles/SimpleLit' not found
Refreshing native plugins compatible for Editor in 0.71 ms, found 1 plugins.
Preloading 0 native plugins for Editor in 0.00 ms.
Unloading 2943 Unused Serialized files (Serialized files now loaded: 0)
System memory in use before: 143.0 MB.
System memory in use after: 143.1 MB.

Unloading 13 unused Assets to reduce memory usage. Loaded Objects now: 3637.
Total: 5.874400 ms (FindLiveObjects: 0.879600 ms CreateObjectMapping: 0.489100 ms MarkObjects: 4.300000 ms  DeleteObjects: 0.203600 ms)

========================================================================
Received Prepare
Registering precompiled user dll's ...
Registered in 0.001496 seconds.
Begin MonoManager ReloadAssembly
Native extension for WindowsStandalone target not found
Refreshing native plugins compatible for Editor in 0.54 ms, found 1 plugins.
Preloading 0 native plugins for Editor in 0.00 ms.
Invoked RoslynAnalysisRunner static constructor.
RoslynAnalysisRunner will not be running.
RoslynAnalysisRunner has terminated.
Mono: successfully reloaded assembly
- Completed reload, in  1.132 seconds
Platform modules already initialized, skipping
Shader 'Universal Render Pipeline/Particles/Lit': fallback shader 'Universal Render Pipeline/Particles/SimpleLit' not found
Refreshing native plugins compatible for Editor in 0.54 ms, found 1 plugins.
Preloading 0 native plugins for Editor in 0.00 ms.
Unloading 2943 Unused Serialized files (Serialized files now loaded: 0)
System memory in use before: 143.0 MB.
System memory in use after: 143.1 MB.

Unloading 13 unused Assets to reduce memory usage. Loaded Objects now: 3641.
Total: 2.887300 ms (FindLiveObjects: 0.320200 ms CreateObjectMapping: 0.157200 ms MarkObjects: 2.214500 ms  DeleteObjects: 0.194000 ms)

========================================================================
Received Prepare
Registering precompiled user dll's ...
Registered in 0.001974 seconds.
Begin MonoManager ReloadAssembly
Native extension for WindowsStandalone target not found
Refreshing native plugins compatible for Editor in 0.54 ms, found 1 plugins.
Preloading 0 native plugins for Editor in 0.00 ms.
Invoked RoslynAnalysisRunner static constructor.
RoslynAnalysisRunner will not be running.
RoslynAnalysisRunner has terminated.
Mono: successfully reloaded assembly
- Completed reload, in  1.137 seconds
Platform modules already initialized, skipping
Shader 'Universal Render Pipeline/Particles/Lit': fallback shader 'Universal Render Pipeline/Particles/SimpleLit' not found
Refreshing native plugins compatible for Editor in 0.56 ms, found 1 plugins.
Preloading 0 native plugins for Editor in 0.00 ms.
Unloading 2943 Unused Serialized files (Serialized files now loaded: 0)
System memory in use before: 143.0 MB.
System memory in use after: 143.1 MB.

Unloading 13 unused Assets to reduce memory usage. Loaded Objects now: 3645.
Total: 3.231100 ms (FindLiveObjects: 0.539800 ms CreateObjectMapping: 0.378400 ms MarkObjects: 2.111300 ms  DeleteObjects: 0.198800 ms)

========================================================================
Received Prepare
Registering precompiled user dll's ...
Registered in 0.002839 seconds.
Begin MonoManager ReloadAssembly
Native extension for WindowsStandalone target not found
Refreshing native plugins compatible for Editor in 1.05 ms, found 1 plugins.
Preloading 0 native plugins for Editor in 0.00 ms.
Invoked RoslynAnalysisRunner static constructor.
RoslynAnalysisRunner will not be running.
RoslynAnalysisRunner has terminated.
Mono: successfully reloaded assembly
- Completed reload, in  1.119 seconds
Platform modules already initialized, skipping
Shader 'Universal Render Pipeline/Particles/Lit': fallback shader 'Universal Render Pipeline/Particles/SimpleLit' not found
Refreshing native plugins compatible for Editor in 0.78 ms, found 1 plugins.
Preloading 0 native plugins for Editor in 0.00 ms.
Unloading 2943 Unused Serialized files (Serialized files now loaded: 0)
System memory in use before: 143.0 MB.
System memory in use after: 143.1 MB.

Unloading 13 unused Assets to reduce memory usage. Loaded Objects now: 3649.
Total: 6.933200 ms (FindLiveObjects: 0.656900 ms CreateObjectMapping: 0.404800 ms MarkObjects: 5.540600 ms  DeleteObjects: 0.327900 ms)

========================================================================
Received Prepare
Registering precompiled user dll's ...
Registered in 0.002454 seconds.
Begin MonoManager ReloadAssembly
Native extension for WindowsStandalone target not found
Refreshing native plugins compatible for Editor in 0.70 ms, found 1 plugins.
Preloading 0 native plugins for Editor in 0.00 ms.
Invoked RoslynAnalysisRunner static constructor.
RoslynAnalysisRunner will not be running.
RoslynAnalysisRunner has terminated.
Mono: successfully reloaded assembly
- Completed reload, in  1.062 seconds
Platform modules already initialized, skipping
Shader 'Universal Render Pipeline/Particles/Lit': fallback shader 'Universal Render Pipeline/Particles/SimpleLit' not found
Refreshing native plugins compatible for Editor in 0.57 ms, found 1 plugins.
Preloading 0 native plugins for Editor in 0.00 ms.
Unloading 2943 Unused Serialized files (Serialized files now loaded: 0)
System memory in use before: 143.0 MB.
System memory in use after: 143.1 MB.

Unloading 13 unused Assets to reduce memory usage. Loaded Objects now: 3653.
Total: 4.441300 ms (FindLiveObjects: 0.832800 ms CreateObjectMapping: 0.347000 ms MarkObjects: 3.062000 ms  DeleteObjects: 0.196900 ms)

========================================================================
Received Import Request.
  Time since last request: 844.316195 seconds.
  path: Assets/Prefabs/Player.prefab
  artifactKey: Guid(0c285c95c533f9649bcfa5046617c77f) Importer(815301076,1909f56bfc062723c751e8b465ee728b)
Start importing Assets/Prefabs/Player.prefab using Guid(0c285c95c533f9649bcfa5046617c77f) Importer(815301076,1909f56bfc062723c751e8b465ee728b)  -> (artifact id: '68ddaae4fd51e5e661007902c7e52ec2') in 0.106327 seconds
  Import took 0.113822 seconds .

========================================================================
Received Import Request.
  Time since last request: 5.254210 seconds.
  path: Assets/Prefabs/Player 1.prefab
  artifactKey: Guid(2c7c78ad23d3c5140a26c9f5ee06048c) Importer(815301076,1909f56bfc062723c751e8b465ee728b)
Start importing Assets/Prefabs/Player 1.prefab using Guid(2c7c78ad23d3c5140a26c9f5ee06048c) Importer(815301076,1909f56bfc062723c751e8b465ee728b)  -> (artifact id: '98eb4f1c76acc600de7597edc773eea3') in 0.026909 seconds
  Import took 0.052366 seconds .

========================================================================
Received Import Request.
  Time since last request: 0.020656 seconds.
  path: Assets/Prefabs/Player 1.prefab
  artifactKey: Guid(2c7c78ad23d3c5140a26c9f5ee06048c) Importer(815301076,1909f56bfc062723c751e8b465ee728b)
Start importing Assets/Prefabs/Player 1.prefab using Guid(2c7c78ad23d3c5140a26c9f5ee06048c) Importer(815301076,1909f56bfc062723c751e8b465ee728b)  -> (artifact id: '98eb4f1c76acc600de7597edc773eea3') in 0.039535 seconds
  Import took 0.047719 seconds .

========================================================================
Received Prepare
Registering precompiled user dll's ...
Registered in 0.001516 seconds.
Begin MonoManager ReloadAssembly
Native extension for WindowsStandalone target not found
Refreshing native plugins compatible for Editor in 1.24 ms, found 1 plugins.
Preloading 0 native plugins for Editor in 0.00 ms.
Invoked RoslynAnalysisRunner static constructor.
RoslynAnalysisRunner will not be running.
RoslynAnalysisRunner has terminated.
Mono: successfully reloaded assembly
- Completed reload, in  1.420 seconds
Platform modules already initialized, skipping
Shader 'Universal Render Pipeline/Particles/Lit': fallback shader 'Universal Render Pipeline/Particles/SimpleLit' not found
Refreshing native plugins compatible for Editor in 0.67 ms, found 1 plugins.
Preloading 0 native plugins for Editor in 0.00 ms.
Unloading 2943 Unused Serialized files (Serialized files now loaded: 0)
System memory in use before: 143.1 MB.
System memory in use after: 143.2 MB.

Unloading 13 unused Assets to reduce memory usage. Loaded Objects now: 3662.
Total: 3.387500 ms (FindLiveObjects: 0.551200 ms CreateObjectMapping: 0.249800 ms MarkObjects: 2.413300 ms  DeleteObjects: 0.171900 ms)

========================================================================
Received Import Request.
  Time since last request: 74.732903 seconds.
  path: Assets/Scenes/Level 2.unity
  artifactKey: Guid(3f008267b20f3a045b308e4f4239b76b) Importer(815301076,1909f56bfc062723c751e8b465ee728b)
Start importing Assets/Scenes/Level 2.unity using Guid(3f008267b20f3a045b308e4f4239b76b) Importer(815301076,1909f56bfc062723c751e8b465ee728b)  -> (artifact id: 'fc1a13d6cdc78ce5a936236cd2bd834b') in 0.028408 seconds
  Import took 0.135223 seconds .

========================================================================
Received Prepare
Registering precompiled user dll's ...
Registered in 0.001788 seconds.
Begin MonoManager ReloadAssembly
Native extension for WindowsStandalone target not found
Refreshing native plugins compatible for Editor in 0.60 ms, found 1 plugins.
Preloading 0 native plugins for Editor in 0.00 ms.
Invoked RoslynAnalysisRunner static constructor.
RoslynAnalysisRunner will not be running.
RoslynAnalysisRunner has terminated.
Mono: successfully reloaded assembly
- Completed reload, in  1.075 seconds
Platform modules already initialized, skipping
Shader 'Universal Render Pipeline/Particles/Lit': fallback shader 'Universal Render Pipeline/Particles/SimpleLit' not found
Refreshing native plugins compatible for Editor in 0.58 ms, found 1 plugins.
Preloading 0 native plugins for Editor in 0.00 ms.
Unloading 2943 Unused Serialized files (Serialized files now loaded: 0)
System memory in use before: 143.1 MB.
System memory in use after: 143.2 MB.

Unloading 13 unused Assets to reduce memory usage. Loaded Objects now: 3666.
Total: 6.771300 ms (FindLiveObjects: 1.023600 ms CreateObjectMapping: 0.427700 ms MarkObjects: 5.066400 ms  DeleteObjects: 0.250300 ms)

========================================================================
Received Prepare
Registering precompiled user dll's ...
Registered in 0.002206 seconds.
Begin MonoManager ReloadAssembly
Native extension for WindowsStandalone target not found
Refreshing native plugins compatible for Editor in 0.78 ms, found 1 plugins.
Preloading 0 native plugins for Editor in 0.00 ms.
Invoked RoslynAnalysisRunner static constructor.
RoslynAnalysisRunner will not be running.
RoslynAnalysisRunner has terminated.
Mono: successfully reloaded assembly
- Completed reload, in  1.125 seconds
Platform modules already initialized, skipping
Shader 'Universal Render Pipeline/Particles/Lit': fallback shader 'Universal Render Pipeline/Particles/SimpleLit' not found
Refreshing native plugins compatible for Editor in 0.61 ms, found 1 plugins.
Preloading 0 native plugins for Editor in 0.00 ms.
Unloading 2943 Unused Serialized files (Serialized files now loaded: 0)
System memory in use before: 143.1 MB.
System memory in use after: 143.2 MB.

Unloading 13 unused Assets to reduce memory usage. Loaded Objects now: 3670.
Total: 7.398500 ms (FindLiveObjects: 0.674300 ms CreateObjectMapping: 0.426100 ms MarkObjects: 5.970300 ms  DeleteObjects: 0.325200 ms)

========================================================================
Received Import Request.
  Time since last request: 360.016376 seconds.
  path: Assets/Scenes/Level 3.unity
  artifactKey: Guid(52a1754ccedcad145a32083a5a6fb60c) Importer(815301076,1909f56bfc062723c751e8b465ee728b)
Start importing Assets/Scenes/Level 3.unity using Guid(52a1754ccedcad145a32083a5a6fb60c) Importer(815301076,1909f56bfc062723c751e8b465ee728b)  -> (artifact id: '84231211b71e6b2d655f97bd203410fc') in 0.026771 seconds
  Import took 0.035922 seconds .

========================================================================
Received Prepare
Registering precompiled user dll's ...
Registered in 0.002137 seconds.
Begin MonoManager ReloadAssembly
Native extension for WindowsStandalone target not found
Refreshing native plugins compatible for Editor in 0.60 ms, found 1 plugins.
Preloading 0 native plugins for Editor in 0.00 ms.
Invoked RoslynAnalysisRunner static constructor.
RoslynAnalysisRunner will not be running.
RoslynAnalysisRunner has terminated.
Mono: successfully reloaded assembly
- Completed reload, in  1.128 seconds
Platform modules already initialized, skipping
Shader 'Universal Render Pipeline/Particles/Lit': fallback shader 'Universal Render Pipeline/Particles/SimpleLit' not found
Refreshing native plugins compatible for Editor in 0.69 ms, found 1 plugins.
Preloading 0 native plugins for Editor in 0.00 ms.
Unloading 2943 Unused Serialized files (Serialized files now loaded: 0)
System memory in use before: 143.1 MB.
System memory in use after: 143.2 MB.

Unloading 13 unused Assets to reduce memory usage. Loaded Objects now: 3674.
Total: 4.018300 ms (FindLiveObjects: 0.725800 ms CreateObjectMapping: 0.319500 ms MarkObjects: 2.794900 ms  DeleteObjects: 0.171300 ms)

========================================================================
Received Prepare
Registering precompiled user dll's ...
Registered in 0.001972 seconds.
Begin MonoManager ReloadAssembly
Native extension for WindowsStandalone target not found
Refreshing native plugins compatible for Editor in 0.83 ms, found 1 plugins.
Preloading 0 native plugins for Editor in 0.00 ms.
Invoked RoslynAnalysisRunner static constructor.
RoslynAnalysisRunner will not be running.
RoslynAnalysisRunner has terminated.
Mono: successfully reloaded assembly
- Completed reload, in  1.203 seconds
Platform modules already initialized, skipping
Shader 'Universal Render Pipeline/Particles/Lit': fallback shader 'Universal Render Pipeline/Particles/SimpleLit' not found
Refreshing native plugins compatible for Editor in 0.57 ms, found 1 plugins.
Preloading 0 native plugins for Editor in 0.00 ms.
Unloading 2943 Unused Serialized files (Serialized files now loaded: 0)
System memory in use before: 143.1 MB.
System memory in use after: 143.2 MB.

Unloading 13 unused Assets to reduce memory usage. Loaded Objects now: 3678.
Total: 9.045000 ms (FindLiveObjects: 1.012600 ms CreateObjectMapping: 0.532000 ms MarkObjects: 7.177800 ms  DeleteObjects: 0.319100 ms)

========================================================================
Received Prepare
Registering precompiled user dll's ...
Registered in 0.002454 seconds.
Begin MonoManager ReloadAssembly
Native extension for WindowsStandalone target not found
Refreshing native plugins compatible for Editor in 0.54 ms, found 1 plugins.
Preloading 0 native plugins for Editor in 0.00 ms.
Invoked RoslynAnalysisRunner static constructor.
RoslynAnalysisRunner will not be running.
RoslynAnalysisRunner has terminated.
Mono: successfully reloaded assembly
- Completed reload, in  1.154 seconds
Platform modules already initialized, skipping
Shader 'Universal Render Pipeline/Particles/Lit': fallback shader 'Universal Render Pipeline/Particles/SimpleLit' not found
Refreshing native plugins compatible for Editor in 0.63 ms, found 1 plugins.
Preloading 0 native plugins for Editor in 0.00 ms.
Unloading 2943 Unused Serialized files (Serialized files now loaded: 0)
System memory in use before: 143.1 MB.
System memory in use after: 143.2 MB.

Unloading 13 unused Assets to reduce memory usage. Loaded Objects now: 3682.
Total: 3.550700 ms (FindLiveObjects: 0.639300 ms CreateObjectMapping: 0.282000 ms MarkObjects: 2.455100 ms  DeleteObjects: 0.172700 ms)

========================================================================
Received Prepare
Registering precompiled user dll's ...
Registered in 0.001624 seconds.
Begin MonoManager ReloadAssembly
Native extension for WindowsStandalone target not found
Refreshing native plugins compatible for Editor in 1.06 ms, found 1 plugins.
Preloading 0 native plugins for Editor in 0.00 ms.
Invoked RoslynAnalysisRunner static constructor.
RoslynAnalysisRunner will not be running.
RoslynAnalysisRunner has terminated.
Mono: successfully reloaded assembly
- Completed reload, in  1.305 seconds
Platform modules already initialized, skipping
Shader 'Universal Render Pipeline/Particles/Lit': fallback shader 'Universal Render Pipeline/Particles/SimpleLit' not found
Refreshing native plugins compatible for Editor in 0.77 ms, found 1 plugins.
Preloading 0 native plugins for Editor in 0.00 ms.
Unloading 2943 Unused Serialized files (Serialized files now loaded: 0)
System memory in use before: 143.1 MB.
System memory in use after: 143.3 MB.

Unloading 13 unused Assets to reduce memory usage. Loaded Objects now: 3686.
Total: 3.736400 ms (FindLiveObjects: 0.523500 ms CreateObjectMapping: 0.233800 ms MarkObjects: 2.807100 ms  DeleteObjects: 0.170700 ms)

========================================================================
Received Import Request.
  Time since last request: 694.264600 seconds.
  path: Assets/Level Assets/brokenPlatform.png
  artifactKey: Guid(0265b1ba1ee005d45bf20648116bb2a3) Importer(815301076,1909f56bfc062723c751e8b465ee728b)
Start importing Assets/Level Assets/brokenPlatform.png using Guid(0265b1ba1ee005d45bf20648116bb2a3) Importer(815301076,1909f56bfc062723c751e8b465ee728b)  -> (artifact id: '33af2f03450a7416cd52bf1e9725a943') in 0.075407 seconds
  Import took 0.095098 seconds .

========================================================================
Received Prepare
Registering precompiled user dll's ...
Registered in 0.001834 seconds.
Begin MonoManager ReloadAssembly
Native extension for WindowsStandalone target not found
Refreshing native plugins compatible for Editor in 0.60 ms, found 1 plugins.
Preloading 0 native plugins for Editor in 0.00 ms.
Invoked RoslynAnalysisRunner static constructor.
RoslynAnalysisRunner will not be running.
RoslynAnalysisRunner has terminated.
Mono: successfully reloaded assembly
- Completed reload, in  1.214 seconds
Platform modules already initialized, skipping
Shader 'Universal Render Pipeline/Particles/Lit': fallback shader 'Universal Render Pipeline/Particles/SimpleLit' not found
Refreshing native plugins compatible for Editor in 0.85 ms, found 1 plugins.
Preloading 0 native plugins for Editor in 0.00 ms.
Unloading 2943 Unused Serialized files (Serialized files now loaded: 0)
System memory in use before: 143.2 MB.
System memory in use after: 143.3 MB.

Unloading 13 unused Assets to reduce memory usage. Loaded Objects now: 3693.
Total: 3.039900 ms (FindLiveObjects: 0.406800 ms CreateObjectMapping: 0.162100 ms MarkObjects: 2.273500 ms  DeleteObjects: 0.195700 ms)

========================================================================
Received Import Request.
  Time since last request: 218.739117 seconds.
  path: Assets/Level Assets/brokenPlatform (1).png
  artifactKey: Guid(d542c3b5a9c04354eaee37d083373fba) Importer(815301076,1909f56bfc062723c751e8b465ee728b)
Start importing Assets/Level Assets/brokenPlatform (1).png using Guid(d542c3b5a9c04354eaee37d083373fba) Importer(815301076,1909f56bfc062723c751e8b465ee728b)  -> (artifact id: 'd022c4daed61752d6dd332769df2b019') in 0.104834 seconds
  Import took 0.143331 seconds .

========================================================================
Received Import Request.
  Time since last request: 268.590825 seconds.
  path: Assets/Level Assets/normalPlatform.png
  artifactKey: Guid(6385461ad2bdc8346b6b569e8ffaaa02) Importer(815301076,1909f56bfc062723c751e8b465ee728b)
Start importing Assets/Level Assets/normalPlatform.png using Guid(6385461ad2bdc8346b6b569e8ffaaa02) Importer(815301076,1909f56bfc062723c751e8b465ee728b)  -> (artifact id: '9f7e07c8221636f7c76d630d0a0c279a') in 0.046228 seconds
  Import took 0.054103 seconds .

========================================================================
Received Prepare
Registering precompiled user dll's ...
Registered in 0.001607 seconds.
Begin MonoManager ReloadAssembly
Native extension for WindowsStandalone target not found
Refreshing native plugins compatible for Editor in 0.73 ms, found 1 plugins.
Preloading 0 native plugins for Editor in 0.00 ms.
Invoked RoslynAnalysisRunner static constructor.
RoslynAnalysisRunner will not be running.
RoslynAnalysisRunner has terminated.
Mono: successfully reloaded assembly
- Completed reload, in  1.641 seconds
Platform modules already initialized, skipping
Shader 'Universal Render Pipeline/Particles/Lit': fallback shader 'Universal Render Pipeline/Particles/SimpleLit' not found
Refreshing native plugins compatible for Editor in 0.64 ms, found 1 plugins.
Preloading 0 native plugins for Editor in 0.00 ms.
Unloading 2943 Unused Serialized files (Serialized files now loaded: 0)
System memory in use before: 143.2 MB.
System memory in use after: 143.3 MB.

Unloading 13 unused Assets to reduce memory usage. Loaded Objects now: 3702.
Total: 6.318200 ms (FindLiveObjects: 1.635200 ms CreateObjectMapping: 1.704300 ms MarkObjects: 2.780200 ms  DeleteObjects: 0.196300 ms)

========================================================================
Received Import Request.
  Time since last request: 295.587229 seconds.
  path: Assets/Prefabs/Platform 1 1.prefab
  artifactKey: Guid(d96caf7615898954baf1eb0e8d34fcb5) Importer(815301076,1909f56bfc062723c751e8b465ee728b)
Start importing Assets/Prefabs/Platform 1 1.prefab using Guid(d96caf7615898954baf1eb0e8d34fcb5) Importer(815301076,1909f56bfc062723c751e8b465ee728b)  -> (artifact id: 'da2c9ccfcd115f54db17f2ff100be81a') in 0.115516 seconds
  Import took 0.130595 seconds .

========================================================================
Received Import Request.
  Time since last request: 5.824997 seconds.
  path: Assets/Prefabs/Platform 1 2.prefab
  artifactKey: Guid(b549a348dcd907b4da983008e10eb96c) Importer(815301076,1909f56bfc062723c751e8b465ee728b)
Start importing Assets/Prefabs/Platform 1 2.prefab using Guid(b549a348dcd907b4da983008e10eb96c) Importer(815301076,1909f56bfc062723c751e8b465ee728b)  -> (artifact id: 'cd95705d505d02f76291058b23d46e25') in 0.021525 seconds
  Import took 0.039629 seconds .

========================================================================
Received Import Request.
  Time since last request: 0.004307 seconds.
  path: Assets/Prefabs/Platform 1 2.prefab
  artifactKey: Guid(b549a348dcd907b4da983008e10eb96c) Importer(815301076,1909f56bfc062723c751e8b465ee728b)
Start importing Assets/Prefabs/Platform 1 2.prefab using Guid(b549a348dcd907b4da983008e10eb96c) Importer(815301076,1909f56bfc062723c751e8b465ee728b)  -> (artifact id: 'cd95705d505d02f76291058b23d46e25') in 0.024341 seconds
  Import took 0.032319 seconds .

========================================================================
Received Prepare
Registering precompiled user dll's ...
Registered in 0.001502 seconds.
Begin MonoManager ReloadAssembly
Native extension for WindowsStandalone target not found
Refreshing native plugins compatible for Editor in 1.03 ms, found 1 plugins.
Preloading 0 native plugins for Editor in 0.00 ms.
Invoked RoslynAnalysisRunner static constructor.
RoslynAnalysisRunner will not be running.
RoslynAnalysisRunner has terminated.
Mono: successfully reloaded assembly
- Completed reload, in  1.096 seconds
Platform modules already initialized, skipping
Shader 'Universal Render Pipeline/Particles/Lit': fallback shader 'Universal Render Pipeline/Particles/SimpleLit' not found
Refreshing native plugins compatible for Editor in 0.57 ms, found 1 plugins.
Preloading 0 native plugins for Editor in 0.00 ms.
Unloading 2943 Unused Serialized files (Serialized files now loaded: 0)
System memory in use before: 143.2 MB.
System memory in use after: 143.3 MB.

Unloading 13 unused Assets to reduce memory usage. Loaded Objects now: 3708.
Total: 3.860000 ms (FindLiveObjects: 0.389700 ms CreateObjectMapping: 0.190000 ms MarkObjects: 3.116000 ms  DeleteObjects: 0.162500 ms)

========================================================================
Received Prepare
Registering precompiled user dll's ...
Registered in 0.001599 seconds.
Begin MonoManager ReloadAssembly
Native extension for WindowsStandalone target not found
Refreshing native plugins compatible for Editor in 0.77 ms, found 1 plugins.
Preloading 0 native plugins for Editor in 0.00 ms.
Invoked RoslynAnalysisRunner static constructor.
RoslynAnalysisRunner will not be running.
RoslynAnalysisRunner has terminated.
Mono: successfully reloaded assembly
- Completed reload, in  1.095 seconds
Platform modules already initialized, skipping
Shader 'Universal Render Pipeline/Particles/Lit': fallback shader 'Universal Render Pipeline/Particles/SimpleLit' not found
Refreshing native plugins compatible for Editor in 0.58 ms, found 1 plugins.
Preloading 0 native plugins for Editor in 0.00 ms.
Unloading 2943 Unused Serialized files (Serialized files now loaded: 0)
System memory in use before: 143.2 MB.
System memory in use after: 143.3 MB.

Unloading 13 unused Assets to reduce memory usage. Loaded Objects now: 3712.
Total: 4.555500 ms (FindLiveObjects: 0.630700 ms CreateObjectMapping: 0.253100 ms MarkObjects: 3.469600 ms  DeleteObjects: 0.200100 ms)

========================================================================
Received Prepare
Registering precompiled user dll's ...
Registered in 0.001885 seconds.
Begin MonoManager ReloadAssembly
Native extension for WindowsStandalone target not found
Refreshing native plugins compatible for Editor in 0.58 ms, found 1 plugins.
Preloading 0 native plugins for Editor in 0.00 ms.
Invoked RoslynAnalysisRunner static constructor.
RoslynAnalysisRunner will not be running.
RoslynAnalysisRunner has terminated.
Mono: successfully reloaded assembly
- Completed reload, in  1.071 seconds
Platform modules already initialized, skipping
Shader 'Universal Render Pipeline/Particles/Lit': fallback shader 'Universal Render Pipeline/Particles/SimpleLit' not found
Refreshing native plugins compatible for Editor in 0.75 ms, found 1 plugins.
Preloading 0 native plugins for Editor in 0.00 ms.
Unloading 2943 Unused Serialized files (Serialized files now loaded: 0)
System memory in use before: 143.2 MB.
System memory in use after: 143.3 MB.

Unloading 13 unused Assets to reduce memory usage. Loaded Objects now: 3716.
Total: 3.704400 ms (FindLiveObjects: 0.367100 ms CreateObjectMapping: 0.168700 ms MarkObjects: 3.006500 ms  DeleteObjects: 0.160300 ms)

========================================================================
Received Prepare
Registering precompiled user dll's ...
Registered in 0.001560 seconds.
Begin MonoManager ReloadAssembly
Native extension for WindowsStandalone target not found
Refreshing native plugins compatible for Editor in 0.68 ms, found 1 plugins.
Preloading 0 native plugins for Editor in 0.00 ms.
Invoked RoslynAnalysisRunner static constructor.
RoslynAnalysisRunner will not be running.
RoslynAnalysisRunner has terminated.
Mono: successfully reloaded assembly
- Completed reload, in  1.250 seconds
Platform modules already initialized, skipping
Shader 'Universal Render Pipeline/Particles/Lit': fallback shader 'Universal Render Pipeline/Particles/SimpleLit' not found
Refreshing native plugins compatible for Editor in 0.96 ms, found 1 plugins.
Preloading 0 native plugins for Editor in 0.00 ms.
Unloading 2943 Unused Serialized files (Serialized files now loaded: 0)
System memory in use before: 143.2 MB.
System memory in use after: 143.4 MB.

Unloading 13 unused Assets to reduce memory usage. Loaded Objects now: 3720.
Total: 3.469700 ms (FindLiveObjects: 0.463600 ms CreateObjectMapping: 0.216400 ms MarkObjects: 2.623200 ms  DeleteObjects: 0.164000 ms)

========================================================================
Received Prepare
Registering precompiled user dll's ...
Registered in 0.001522 seconds.
Begin MonoManager ReloadAssembly
Native extension for WindowsStandalone target not found
Refreshing native plugins compatible for Editor in 0.68 ms, found 1 plugins.
Preloading 0 native plugins for Editor in 0.00 ms.
Invoked RoslynAnalysisRunner static constructor.
RoslynAnalysisRunner will not be running.
RoslynAnalysisRunner has terminated.
Mono: successfully reloaded assembly
- Completed reload, in  1.071 seconds
Platform modules already initialized, skipping
Shader 'Universal Render Pipeline/Particles/Lit': fallback shader 'Universal Render Pipeline/Particles/SimpleLit' not found
Refreshing native plugins compatible for Editor in 0.64 ms, found 1 plugins.
Preloading 0 native plugins for Editor in 0.00 ms.
Unloading 2943 Unused Serialized files (Serialized files now loaded: 0)
System memory in use before: 143.2 MB.
System memory in use after: 143.4 MB.

Unloading 13 unused Assets to reduce memory usage. Loaded Objects now: 3724.
Total: 3.250500 ms (FindLiveObjects: 0.549800 ms CreateObjectMapping: 0.200600 ms MarkObjects: 2.328800 ms  DeleteObjects: 0.169700 ms)

========================================================================
Received Import Request.
  Time since last request: 327.858915 seconds.
  path: Assets/Prefabs/Replay.prefab
  artifactKey: Guid(99014431e4695f94cb6513009f586a7b) Importer(815301076,1909f56bfc062723c751e8b465ee728b)
Start importing Assets/Prefabs/Replay.prefab using Guid(99014431e4695f94cb6513009f586a7b) Importer(815301076,1909f56bfc062723c751e8b465ee728b)  -> (artifact id: '09150043ee43df20f9ad28e6d36bc732') in 0.058331 seconds
  Import took 0.078468 seconds .

========================================================================
Received Import Request.
  Time since last request: 0.042684 seconds.
  path: Assets/Prefabs/Replay.prefab
  artifactKey: Guid(99014431e4695f94cb6513009f586a7b) Importer(815301076,1909f56bfc062723c751e8b465ee728b)
Start importing Assets/Prefabs/Replay.prefab using Guid(99014431e4695f94cb6513009f586a7b) Importer(815301076,1909f56bfc062723c751e8b465ee728b)  -> (artifact id: '09150043ee43df20f9ad28e6d36bc732') in 0.004363 seconds
  Import took 0.009567 seconds .

========================================================================
Received Import Request.
  Time since last request: 21.668840 seconds.
  path: Assets/Scenes/Level 2.unity
  artifactKey: Guid(3f008267b20f3a045b308e4f4239b76b) Importer(815301076,1909f56bfc062723c751e8b465ee728b)
Start importing Assets/Scenes/Level 2.unity using Guid(3f008267b20f3a045b308e4f4239b76b) Importer(815301076,1909f56bfc062723c751e8b465ee728b)  -> (artifact id: '6669bb2b882a5a5ef1a40d52ae5e2c09') in 0.003739 seconds
  Import took 0.128841 seconds .

========================================================================
Received Prepare
Registering precompiled user dll's ...
Registered in 0.001452 seconds.
Begin MonoManager ReloadAssembly
Native extension for WindowsStandalone target not found
Refreshing native plugins compatible for Editor in 1.10 ms, found 1 plugins.
Preloading 0 native plugins for Editor in 0.00 ms.
Invoked RoslynAnalysisRunner static constructor.
RoslynAnalysisRunner will not be running.
RoslynAnalysisRunner has terminated.
Mono: successfully reloaded assembly
- Completed reload, in  1.114 seconds
Platform modules already initialized, skipping
Shader 'Universal Render Pipeline/Particles/Lit': fallback shader 'Universal Render Pipeline/Particles/SimpleLit' not found
Refreshing native plugins compatible for Editor in 0.57 ms, found 1 plugins.
Preloading 0 native plugins for Editor in 0.00 ms.
Unloading 2943 Unused Serialized files (Serialized files now loaded: 0)
System memory in use before: 143.3 MB.
System memory in use after: 143.4 MB.

Unloading 13 unused Assets to reduce memory usage. Loaded Objects now: 3728.
Total: 3.994800 ms (FindLiveObjects: 0.680400 ms CreateObjectMapping: 0.291200 ms MarkObjects: 2.832200 ms  DeleteObjects: 0.189200 ms)

========================================================================
Received Prepare
Registering precompiled user dll's ...
Registered in 0.001508 seconds.
Begin MonoManager ReloadAssembly
Native extension for WindowsStandalone target not found
Refreshing native plugins compatible for Editor in 0.80 ms, found 1 plugins.
Preloading 0 native plugins for Editor in 0.00 ms.
Invoked RoslynAnalysisRunner static constructor.
RoslynAnalysisRunner will not be running.
RoslynAnalysisRunner has terminated.
Mono: successfully reloaded assembly
- Completed reload, in  1.091 seconds
Platform modules already initialized, skipping
Shader 'Universal Render Pipeline/Particles/Lit': fallback shader 'Universal Render Pipeline/Particles/SimpleLit' not found
Refreshing native plugins compatible for Editor in 0.60 ms, found 1 plugins.
Preloading 0 native plugins for Editor in 0.00 ms.
Unloading 2943 Unused Serialized files (Serialized files now loaded: 0)
System memory in use before: 143.3 MB.
System memory in use after: 143.4 MB.

Unloading 13 unused Assets to reduce memory usage. Loaded Objects now: 3732.
Total: 4.004100 ms (FindLiveObjects: 0.532700 ms CreateObjectMapping: 0.321000 ms MarkObjects: 2.982200 ms  DeleteObjects: 0.167100 ms)

========================================================================
Received Prepare
Registering precompiled user dll's ...
Registered in 0.001723 seconds.
Begin MonoManager ReloadAssembly
Native extension for WindowsStandalone target not found
Refreshing native plugins compatible for Editor in 0.98 ms, found 1 plugins.
Preloading 0 native plugins for Editor in 0.00 ms.
Invoked RoslynAnalysisRunner static constructor.
RoslynAnalysisRunner will not be running.
RoslynAnalysisRunner has terminated.
Mono: successfully reloaded assembly
- Completed reload, in  1.081 seconds
Platform modules already initialized, skipping
Shader 'Universal Render Pipeline/Particles/Lit': fallback shader 'Universal Render Pipeline/Particles/SimpleLit' not found
Refreshing native plugins compatible for Editor in 0.63 ms, found 1 plugins.
Preloading 0 native plugins for Editor in 0.00 ms.
Unloading 2943 Unused Serialized files (Serialized files now loaded: 0)
System memory in use before: 143.3 MB.
System memory in use after: 143.4 MB.

Unloading 13 unused Assets to reduce memory usage. Loaded Objects now: 3736.
Total: 4.014900 ms (FindLiveObjects: 0.920300 ms CreateObjectMapping: 0.244300 ms MarkObjects: 2.666300 ms  DeleteObjects: 0.182300 ms)

========================================================================
Received Import Request.
  Time since last request: 277.582219 seconds.
  path: Assets/Scenes/Level 1.unity
  artifactKey: Guid(2cda990e2423bbf4892e6590ba056729) Importer(815301076,1909f56bfc062723c751e8b465ee728b)
Start importing Assets/Scenes/Level 1.unity using Guid(2cda990e2423bbf4892e6590ba056729) Importer(815301076,1909f56bfc062723c751e8b465ee728b)  -> (artifact id: '81ea744859cfec9962e6297e1acbc0d3') in 0.029833 seconds
  Import took 0.156780 seconds .

========================================================================
Received Prepare
Registering precompiled user dll's ...
Registered in 0.001814 seconds.
Begin MonoManager ReloadAssembly
Native extension for WindowsStandalone target not found
Refreshing native plugins compatible for Editor in 0.85 ms, found 1 plugins.
Preloading 0 native plugins for Editor in 0.00 ms.
Invoked RoslynAnalysisRunner static constructor.
RoslynAnalysisRunner will not be running.
RoslynAnalysisRunner has terminated.
Mono: successfully reloaded assembly
- Completed reload, in  1.094 seconds
Platform modules already initialized, skipping
Shader 'Universal Render Pipeline/Particles/Lit': fallback shader 'Universal Render Pipeline/Particles/SimpleLit' not found
Refreshing native plugins compatible for Editor in 0.61 ms, found 1 plugins.
Preloading 0 native plugins for Editor in 0.00 ms.
Unloading 2943 Unused Serialized files (Serialized files now loaded: 0)
System memory in use before: 143.3 MB.
System memory in use after: 143.4 MB.

Unloading 13 unused Assets to reduce memory usage. Loaded Objects now: 3740.
Total: 3.441700 ms (FindLiveObjects: 0.369600 ms CreateObjectMapping: 0.181800 ms MarkObjects: 2.715800 ms  DeleteObjects: 0.173200 ms)

========================================================================
Received Prepare
Registering precompiled user dll's ...
Registered in 0.002165 seconds.
Begin MonoManager ReloadAssembly
Native extension for WindowsStandalone target not found
Refreshing native plugins compatible for Editor in 0.57 ms, found 1 plugins.
Preloading 0 native plugins for Editor in 0.00 ms.
Invoked RoslynAnalysisRunner static constructor.
RoslynAnalysisRunner will not be running.
RoslynAnalysisRunner has terminated.
Mono: successfully reloaded assembly
- Completed reload, in  1.123 seconds
Platform modules already initialized, skipping
Shader 'Universal Render Pipeline/Particles/Lit': fallback shader 'Universal Render Pipeline/Particles/SimpleLit' not found
Refreshing native plugins compatible for Editor in 0.73 ms, found 1 plugins.
Preloading 0 native plugins for Editor in 0.00 ms.
Unloading 2943 Unused Serialized files (Serialized files now loaded: 0)
System memory in use before: 143.3 MB.
System memory in use after: 143.4 MB.

Unloading 13 unused Assets to reduce memory usage. Loaded Objects now: 3744.
Total: 3.145200 ms (FindLiveObjects: 0.407800 ms CreateObjectMapping: 0.250700 ms MarkObjects: 2.331200 ms  DeleteObjects: 0.154400 ms)

========================================================================
Received Prepare
Registering precompiled user dll's ...
Registered in 0.001548 seconds.
Begin MonoManager ReloadAssembly
Native extension for WindowsStandalone target not found
Refreshing native plugins compatible for Editor in 0.61 ms, found 1 plugins.
Preloading 0 native plugins for Editor in 0.00 ms.
Invoked RoslynAnalysisRunner static constructor.
RoslynAnalysisRunner will not be running.
RoslynAnalysisRunner has terminated.
Mono: successfully reloaded assembly
- Completed reload, in  1.086 seconds
Platform modules already initialized, skipping
Shader 'Universal Render Pipeline/Particles/Lit': fallback shader 'Universal Render Pipeline/Particles/SimpleLit' not found
Refreshing native plugins compatible for Editor in 0.61 ms, found 1 plugins.
Preloading 0 native plugins for Editor in 0.00 ms.
Unloading 2943 Unused Serialized files (Serialized files now loaded: 0)
System memory in use before: 143.3 MB.
System memory in use after: 143.5 MB.

Unloading 13 unused Assets to reduce memory usage. Loaded Objects now: 3748.
Total: 5.039600 ms (FindLiveObjects: 0.453100 ms CreateObjectMapping: 0.210500 ms MarkObjects: 4.159400 ms  DeleteObjects: 0.214900 ms)

========================================================================
Received Prepare
Registering precompiled user dll's ...
Registered in 0.001797 seconds.
Begin MonoManager ReloadAssembly
Native extension for WindowsStandalone target not found
Refreshing native plugins compatible for Editor in 0.53 ms, found 1 plugins.
Preloading 0 native plugins for Editor in 0.00 ms.
Invoked RoslynAnalysisRunner static constructor.
RoslynAnalysisRunner will not be running.
RoslynAnalysisRunner has terminated.
Mono: successfully reloaded assembly
- Completed reload, in  1.177 seconds
Platform modules already initialized, skipping
Shader 'Universal Render Pipeline/Particles/Lit': fallback shader 'Universal Render Pipeline/Particles/SimpleLit' not found
Refreshing native plugins compatible for Editor in 0.56 ms, found 1 plugins.
Preloading 0 native plugins for Editor in 0.00 ms.
Unloading 2943 Unused Serialized files (Serialized files now loaded: 0)
System memory in use before: 143.4 MB.
System memory in use after: 143.5 MB.

Unloading 13 unused Assets to reduce memory usage. Loaded Objects now: 3752.
Total: 3.274700 ms (FindLiveObjects: 0.646500 ms CreateObjectMapping: 0.256800 ms MarkObjects: 2.196400 ms  DeleteObjects: 0.174000 ms)

========================================================================
Received Prepare
Registering precompiled user dll's ...
Registered in 0.001675 seconds.
Begin MonoManager ReloadAssembly
Native extension for WindowsStandalone target not found
Refreshing native plugins compatible for Editor in 0.59 ms, found 1 plugins.
Preloading 0 native plugins for Editor in 0.00 ms.
Invoked RoslynAnalysisRunner static constructor.
RoslynAnalysisRunner will not be running.
RoslynAnalysisRunner has terminated.
Mono: successfully reloaded assembly
- Completed reload, in  1.114 seconds
Platform modules already initialized, skipping
Shader 'Universal Render Pipeline/Particles/Lit': fallback shader 'Universal Render Pipeline/Particles/SimpleLit' not found
Refreshing native plugins compatible for Editor in 0.57 ms, found 1 plugins.
Preloading 0 native plugins for Editor in 0.00 ms.
Unloading 2943 Unused Serialized files (Serialized files now loaded: 0)
System memory in use before: 143.4 MB.
System memory in use after: 143.5 MB.

Unloading 13 unused Assets to reduce memory usage. Loaded Objects now: 3756.
Total: 3.643400 ms (FindLiveObjects: 0.727800 ms CreateObjectMapping: 0.182500 ms MarkObjects: 2.498300 ms  DeleteObjects: 0.216400 ms)

========================================================================
Received Prepare
Registering precompiled user dll's ...
Registered in 0.001634 seconds.
Begin MonoManager ReloadAssembly
Native extension for WindowsStandalone target not found
Refreshing native plugins compatible for Editor in 0.54 ms, found 1 plugins.
Preloading 0 native plugins for Editor in 0.00 ms.
Invoked RoslynAnalysisRunner static constructor.
RoslynAnalysisRunner will not be running.
RoslynAnalysisRunner has terminated.
Mono: successfully reloaded assembly
- Completed reload, in  1.054 seconds
Platform modules already initialized, skipping
Shader 'Universal Render Pipeline/Particles/Lit': fallback shader 'Universal Render Pipeline/Particles/SimpleLit' not found
Refreshing native plugins compatible for Editor in 0.56 ms, found 1 plugins.
Preloading 0 native plugins for Editor in 0.00 ms.
Unloading 2943 Unused Serialized files (Serialized files now loaded: 0)
System memory in use before: 143.4 MB.
System memory in use after: 143.5 MB.

Unloading 13 unused Assets to reduce memory usage. Loaded Objects now: 3760.
Total: 3.725800 ms (FindLiveObjects: 0.623400 ms CreateObjectMapping: 0.190300 ms MarkObjects: 2.740000 ms  DeleteObjects: 0.170500 ms)

========================================================================
Received Import Request.
  Time since last request: 786.704593 seconds.
  path: Assets/Scenes/End!.unity
  artifactKey: Guid(2b5d5f3c329f0134ba7a8a481d6b65b2) Importer(815301076,1909f56bfc062723c751e8b465ee728b)
Start importing Assets/Scenes/End!.unity using Guid(2b5d5f3c329f0134ba7a8a481d6b65b2) Importer(815301076,1909f56bfc062723c751e8b465ee728b)  -> (artifact id: '1e21b517b4919af435f09c5e897701ba') in 0.020939 seconds
  Import took 0.027577 seconds .

========================================================================
Received Prepare
Registering precompiled user dll's ...
Registered in 0.001756 seconds.
Begin MonoManager ReloadAssembly
Native extension for WindowsStandalone target not found
Refreshing native plugins compatible for Editor in 0.54 ms, found 1 plugins.
Preloading 0 native plugins for Editor in 0.00 ms.
Invoked RoslynAnalysisRunner static constructor.
RoslynAnalysisRunner will not be running.
RoslynAnalysisRunner has terminated.
Mono: successfully reloaded assembly
- Completed reload, in  1.093 seconds
Platform modules already initialized, skipping
Shader 'Universal Render Pipeline/Particles/Lit': fallback shader 'Universal Render Pipeline/Particles/SimpleLit' not found
Refreshing native plugins compatible for Editor in 0.66 ms, found 1 plugins.
Preloading 0 native plugins for Editor in 0.00 ms.
Unloading 2943 Unused Serialized files (Serialized files now loaded: 0)
System memory in use before: 143.4 MB.
System memory in use after: 143.5 MB.

Unloading 13 unused Assets to reduce memory usage. Loaded Objects now: 3764.
Total: 3.903000 ms (FindLiveObjects: 0.452000 ms CreateObjectMapping: 0.249800 ms MarkObjects: 2.981500 ms  DeleteObjects: 0.217600 ms)

========================================================================
Received Prepare
Registering precompiled user dll's ...
Registered in 0.001546 seconds.
Begin MonoManager ReloadAssembly
Native extension for WindowsStandalone target not found
Refreshing native plugins compatible for Editor in 0.78 ms, found 1 plugins.
Preloading 0 native plugins for Editor in 0.00 ms.
Invoked RoslynAnalysisRunner static constructor.
RoslynAnalysisRunner will not be running.
RoslynAnalysisRunner has terminated.
Mono: successfully reloaded assembly
- Completed reload, in  1.118 seconds
Platform modules already initialized, skipping
Shader 'Universal Render Pipeline/Particles/Lit': fallback shader 'Universal Render Pipeline/Particles/SimpleLit' not found
Refreshing native plugins compatible for Editor in 0.56 ms, found 1 plugins.
Preloading 0 native plugins for Editor in 0.00 ms.
Unloading 2943 Unused Serialized files (Serialized files now loaded: 0)
System memory in use before: 143.4 MB.
System memory in use after: 143.5 MB.

Unloading 13 unused Assets to reduce memory usage. Loaded Objects now: 3768.
Total: 3.263400 ms (FindLiveObjects: 0.413500 ms CreateObjectMapping: 0.161700 ms MarkObjects: 2.522500 ms  DeleteObjects: 0.164300 ms)

========================================================================
Received Prepare
Shader 'Universal Render Pipeline/Particles/Lit': fallback shader 'Universal Render Pipeline/Particles/SimpleLit' not found
Refreshing native plugins compatible for Editor in 2.17 ms, found 1 plugins.
Preloading 0 native plugins for Editor in 0.00 ms.
Unloading 11 Unused Serialized files (Serialized files now loaded: 0)
System memory in use before: 84.6 MB.
System memory in use after: 84.7 MB.

Unloading 11 unused Assets to reduce memory usage. Loaded Objects now: 3768.
Total: 4.975400 ms (FindLiveObjects: 0.607300 ms CreateObjectMapping: 0.317500 ms MarkObjects: 3.797700 ms  DeleteObjects: 0.251200 ms)

========================================================================
Received Import Request.
  Time since last request: 471.147219 seconds.
  path: Assets/Scenes/Menu.unity
  artifactKey: Guid(6d7177363984cb349a4e71723f7435ff) Importer(815301076,1909f56bfc062723c751e8b465ee728b)
Start importing Assets/Scenes/Menu.unity using Guid(6d7177363984cb349a4e71723f7435ff) Importer(815301076,1909f56bfc062723c751e8b465ee728b)  -> (artifact id: '366f3b588a69b6cd52df786586947920') in 0.011324 seconds
  Import took 0.110986 seconds .

========================================================================
Received Prepare
Shader 'Universal Render Pipeline/Particles/Lit': fallback shader 'Universal Render Pipeline/Particles/SimpleLit' not found
Refreshing native plugins compatible for Editor in 2.24 ms, found 1 plugins.
Preloading 0 native plugins for Editor in 0.00 ms.
Unloading 11 Unused Serialized files (Serialized files now loaded: 0)
System memory in use before: 84.6 MB.
System memory in use after: 84.7 MB.

Unloading 11 unused Assets to reduce memory usage. Loaded Objects now: 3768.
Total: 8.490500 ms (FindLiveObjects: 0.781800 ms CreateObjectMapping: 0.410800 ms MarkObjects: 6.924000 ms  DeleteObjects: 0.370400 ms)

========================================================================
Received Import Request.
  Time since last request: 274.589974 seconds.
  path: Assets/Scenes/Level 2.unity
  artifactKey: Guid(3f008267b20f3a045b308e4f4239b76b) Importer(815301076,1909f56bfc062723c751e8b465ee728b)
Start importing Assets/Scenes/Level 2.unity using Guid(3f008267b20f3a045b308e4f4239b76b) Importer(815301076,1909f56bfc062723c751e8b465ee728b)  -> (artifact id: 'b2e9329f5c97ccb3eebea42b5ce4c48a') in 0.016088 seconds
  Import took 0.041450 seconds .

========================================================================
Received Import Request.
  Time since last request: 96.516231 seconds.
  path: Assets/Scenes/Level 3.unity
  artifactKey: Guid(52a1754ccedcad145a32083a5a6fb60c) Importer(815301076,1909f56bfc062723c751e8b465ee728b)
Start importing Assets/Scenes/Level 3.unity using Guid(52a1754ccedcad145a32083a5a6fb60c) Importer(815301076,1909f56bfc062723c751e8b465ee728b)  -> (artifact id: '4f73b915b7c7f6825036d4679710e75f') in 0.010169 seconds
  Import took 0.029155 seconds .

========================================================================
Received Prepare
Shader 'Universal Render Pipeline/Particles/Lit': fallback shader 'Universal Render Pipeline/Particles/SimpleLit' not found
Refreshing native plugins compatible for Editor in 2.11 ms, found 1 plugins.
Preloading 0 native plugins for Editor in 0.00 ms.
Unloading 11 Unused Serialized files (Serialized files now loaded: 0)
System memory in use before: 84.6 MB.
System memory in use after: 84.7 MB.

Unloading 11 unused Assets to reduce memory usage. Loaded Objects now: 3768.
Total: 3.887300 ms (FindLiveObjects: 0.345900 ms CreateObjectMapping: 0.153000 ms MarkObjects: 3.234500 ms  DeleteObjects: 0.152300 ms)

AssetImportWorkerClient::OnTransportError - code=2 error=End of file
